Houston, TX	Length	135.99	in	2025-12-11
Seattle, WA	Distance	149.33	ft	2025-03-20
Baltimore, MD	Temperature	128.08	F	2025-01-22
Louisville, KY	Velocity	55.96	MPH	2025-09-22
Louisville, KY	Distance	99.82	ft	2025-06-17
Nashville, TN	Temperature	36.36	F	2025-02-14
San Antonio, TX	Length	121.29	in	2025-11-23
Louisville, KY	Distance	84.01	ft	2025-11-24
Boston, MA	Distance	34.35	ft	2025-07-25
Portland, OR	Velocity	75.88	MPH	2025-09-15
Austin, TX	Temperature	25.78	F	2025-07-27
Phoenix, AZ	Temperature	33.70	F	2025-01-12
Boston, MA	Velocity	66.71	MPH	2025-07-04
Phoenix, AZ	Velocity	12.16	MPH	2025-06-17
Memphis, TN	Temperature	0.79	F	2025-04-10
Louisville, KY	Length	40.56	in	2025-11-12
Fort Worth, TX	Temperature	28.27	F	2025-11-25
Columbus, OH	Length	84.31	in	2025-07-13
New York, NY	Length	145.39	in	2025-12-20
Indianapolis, IN	Length	137.65	in	2025-01-14
San Francisco, CA	Temperature	30.46	F	2025-07-19
Nashville, TN	Velocity	30.50	MPH	2025-01-10
Boston, MA	Temperature	110.91	F	2025-06-15
Oklahoma City, OK	Velocity	58.31	MPH	2025-07-20
Louisville, KY	Distance	131.06	ft	2025-04-03
Boston, MA	Velocity	3.45	MPH	2025-09-15
Louisville, KY	Length	115.30	in	2025-05-08
Philadelphia, PA	Distance	38.13	ft	2025-08-26
Fort Worth, TX	Length	114.90	in	2025-10-21
Austin, TX	Velocity	141.74	MPH	2025-07-05
Oklahoma City, OK	Distance	56.10	ft	2025-12-07
Columbus, OH	Distance	37.75	ft	2025-12-05
Louisville, KY	Temperature	146.90	F	2025-11-26
Louisville, KY	Velocity	121.37	MPH	2025-05-06
Austin, TX	Temperature	60.67	F	2025-03-05
Fort Worth, TX	Velocity	33.37	MPH	2025-05-28
Philadelphia, PA	Velocity	124.89	MPH	2025-10-22
Austin, TX	Length	121.12	in	2025-05-13
Jacksonville, FL	Velocity	73.26	MPH	2025-01-28
Washington, DC	Temperature	28.14	F	2025-01-13
Denver, CO	Velocity	121.11	MPH	2025-05-14
Louisville, KY	Length	61.01	in	2025-07-17
Fort Worth, TX	Length	12.34	in	2025-10-16
Washington, DC	Length	140.87	in	2025-01-26
Washington, DC	Temperature	90.81	F	2025-12-12
New York, NY	Distance	16.55	ft	2025-10-05
San Francisco, CA	Velocity	125.12	MPH	2025-04-22
Austin, TX	Velocity	116.06	MPH	2025-09-23
New York, NY	Length	51.64	in	2025-09-18
Portland, OR	Distance	80.45	ft	2025-10-25
Philadelphia, PA	Velocity	13.31	MPH	2025-03-14
Philadelphia, PA	Length	30.17	in	2025-06-28
Los Angeles, CA	Length	97.94	in	2025-01-22
Oklahoma City, OK	Temperature	82.14	F	2025-04-28
San Antonio, TX	Distance	114.20	ft	2025-03-08
Austin, TX	Velocity	45.22	MPH	2025-06-23
Chicago, IL	Length	100.66	in	2025-10-27
Indianapolis, IN	Velocity	69.43	MPH	2025-09-09
Baltimore, MD	Length	66.07	in	2025-05-04
Chicago, IL	Velocity	143.79	MPH	2025-11-02
Louisville, KY	Temperature	38.55	F	2025-01-26
San Francisco, CA	Distance	125.10	ft	2025-11-23
Chicago, IL	Distance	135.39	ft	2025-11-11
Phoenix, AZ	Length	89.15	in	2025-03-08
San Jose, CA	Velocity	113.96	MPH	2025-10-24
Seattle, WA	Velocity	12.32	MPH	2025-06-08
Washington, DC	Length	122.90	in	2025-12-28
Washington, DC	Velocity	43.72	MPH	2025-04-07
Columbus, OH	Temperature	77.51	F	2025-12-21
Chicago, IL	Distance	55.18	ft	2025-11-23
San Jose, CA	Length	108.47	in	2025-01-12
Chicago, IL	Distance	130.06	ft	2025-07-17
Nashville, TN	Length	136.10	in	2025-03-13
Memphis, TN	Distance	149.15	ft	2025-03-09
Detroit, MI	Velocity	84.40	MPH	2025-12-12
San Francisco, CA	Velocity	46.36	MPH	2025-02-26
San Francisco, CA	Distance	2.75	ft	2025-05-07
Nashville, TN	Distance	50.87	ft	2025-11-03
Memphis, TN	Length	147.69	in	2025-06-17
Boston, MA	Temperature	42.98	F	2025-04-16
Columbus, OH	Distance	18.51	ft	2025-07-23
Los Angeles, CA	Length	29.79	in	2025-05-28
San Jose, CA	Temperature	63.96	F	2025-08-11
Washington, DC	Velocity	13.30	MPH	2025-04-01
San Antonio, TX	Length	115.77	in	2025-12-17
Charlotte, NC	Distance	20.81	ft	2025-06-14
San Francisco, CA	Distance	140.55	ft	2025-07-16
Philadelphia, PA	Length	133.72	in	2025-01-14
Portland, OR	Temperature	55.76	F	2025-09-17
San Antonio, TX	Velocity	69.43	MPH	2025-12-03
Indianapolis, IN	Velocity	88.87	MPH	2025-06-05
Las Vegas, NV	Velocity	78.58	MPH	2025-12-28
Dallas, TX	Velocity	58.85	MPH	2025-01-20
Houston, TX	Temperature	80.69	F	2025-01-20
Baltimore, MD	Temperature	20.92	F	2025-02-07
Louisville, KY	Length	26.08	in	2025-09-02
Denver, CO	Length	38.04	in	2025-11-27
Indianapolis, IN	Length	147.37	in	2025-03-15
El Paso, TX	Distance	19.98	ft	2025-12-18
Detroit, MI	Length	89.00	in	2025-08-04
Columbus, OH	Length	64.64	in	2025-10-08
Nashville, TN	Length	47.77	in	2025-08-13
San Antonio, TX	Distance	47.05	ft	2025-09-28
El Paso, TX	Temperature	84.37	F	2025-06-13
Austin, TX	Length	98.90	in	2025-04-04
El Paso, TX	Distance	16.29	ft	2025-02-02
Las Vegas, NV	Length	13.18	in	2025-12-28
Las Vegas, NV	Temperature	121.04	F	2025-11-04
Las Vegas, NV	Temperature	3.79	F	2025-08-10
Washington, DC	Length	113.68	in	2025-01-25
Washington, DC	Temperature	109.53	F	2025-08-17
Dallas, TX	Length	108.35	in	2025-05-25
Philadelphia, PA	Velocity	30.15	MPH	2025-06-15
Oklahoma City, OK	Velocity	31.38	MPH	2025-03-08
San Jose, CA	Distance	116.92	ft	2025-03-21
Denver, CO	Distance	130.53	ft	2025-10-08
Jacksonville, FL	Temperature	50.70	F	2025-11-08
El Paso, TX	Temperature	76.14	F	2025-11-28
Columbus, OH	Velocity	142.42	MPH	2025-02-17
Jacksonville, FL	Distance	121.17	ft	2025-08-02
Indianapolis, IN	Distance	124.16	ft	2025-05-09
Las Vegas, NV	Length	48.49	in	2025-01-25
Portland, OR	Length	106.02	in	2025-08-23
Louisville, KY	Temperature	79.36	F	2025-06-25
Philadelphia, PA	Length	114.41	in	2025-07-23
Phoenix, AZ	Temperature	29.34	F	2025-12-20
Indianapolis, IN	Length	131.49	in	2025-03-23
Nashville, TN	Temperature	122.55	F	2025-09-01
Indianapolis, IN	Temperature	53.95	F	2025-12-19
Phoenix, AZ	Temperature	92.55	F	2025-05-10
Memphis, TN	Length	93.33	in	2025-08-01
Boston, MA	Velocity	36.14	MPH	2025-03-06
Columbus, OH	Distance	134.51	ft	2025-12-16
San Diego, CA	Length	18.78	in	2025-01-26
Phoenix, AZ	Velocity	1.15	MPH	2025-12-15
Detroit, MI	Distance	86.80	ft	2025-01-23
San Antonio, TX	Temperature	51.87	F	2025-03-03
El Paso, TX	Distance	118.05	ft	2025-06-13
Louisville, KY	Velocity	34.61	MPH	2025-04-19
Washington, DC	Velocity	27.86	MPH	2025-12-23
San Jose, CA	Length	107.79	in	2025-02-10
Phoenix, AZ	Velocity	135.95	MPH	2025-12-02
Nashville, TN	Length	144.14	in	2025-08-01
New York, NY	Velocity	15.77	MPH	2025-05-04
Austin, TX	Velocity	79.40	MPH	2025-11-25
Boston, MA	Temperature	16.83	F	2025-09-15
Boston, MA	Velocity	36.44	MPH	2025-11-22
El Paso, TX	Distance	5.72	ft	2025-03-02
Fort Worth, TX	Temperature	105.41	F	2025-03-09
Columbus, OH	Temperature	81.45	F	2025-05-03
Columbus, OH	Velocity	141.18	MPH	2025-08-14
San Jose, CA	Length	13.04	in	2025-12-08
Las Vegas, NV	Temperature	31.73	F	2025-05-01
Detroit, MI	Temperature	32.69	F	2025-03-13
Baltimore, MD	Velocity	126.13	MPH	2025-12-02
El Paso, TX	Temperature	120.50	F	2025-11-13
Boston, MA	Velocity	119.90	MPH	2025-01-08
Seattle, WA	Distance	12.54	ft	2025-03-28
Charlotte, NC	Distance	19.76	ft	2025-08-24
Oklahoma City, OK	Velocity	22.20	MPH	2025-04-20
El Paso, TX	Temperature	37.63	F	2025-11-18
Detroit, MI	Temperature	133.61	F	2025-07-07
Detroit, MI	Distance	88.14	ft	2025-07-22
San Jose, CA	Velocity	145.75	MPH	2025-07-21
Austin, TX	Temperature	142.27	F	2025-09-18
San Antonio, TX	Temperature	146.26	F	2025-06-18
Boston, MA	Length	67.73	in	2025-08-08
Chicago, IL	Distance	51.14	ft	2025-10-12
Louisville, KY	Distance	50.49	ft	2025-03-02
Philadelphia, PA	Temperature	68.42	F	2025-01-12
San Antonio, TX	Distance	58.80	ft	2025-05-27
Fort Worth, TX	Length	99.32	in	2025-12-21
Louisville, KY	Distance	73.26	ft	2025-10-22
Dallas, TX	Temperature	113.44	F	2025-06-11
Boston, MA	Distance	34.91	ft	2025-04-24
Seattle, WA	Length	135.87	in	2025-12-24
Baltimore, MD	Length	95.86	in	2025-02-03
Jacksonville, FL	Distance	133.61	ft	2025-12-23
El Paso, TX	Distance	134.36	ft	2025-04-07
Indianapolis, IN	Velocity	40.51	MPH	2025-10-13
Los Angeles, CA	Temperature	59.61	F	2025-01-11
Charlotte, NC	Temperature	89.89	F	2025-05-09
Boston, MA	Distance	47.57	ft	2025-07-02
Washington, DC	Distance	33.73	ft	2025-06-03
Oklahoma City, OK	Length	89.61	in	2025-06-26
San Francisco, CA	Length	28.08	in	2025-12-16
Portland, OR	Distance	70.09	ft	2025-05-16
Detroit, MI	Temperature	143.31	F	2025-11-16
Jacksonville, FL	Velocity	141.97	MPH	2025-02-14
Las Vegas, NV	Distance	124.90	ft	2025-01-28
Nashville, TN	Velocity	54.99	MPH	2025-12-23
Louisville, KY	Distance	41.70	ft	2025-06-05
Seattle, WA	Length	67.46	in	2025-03-25
Phoenix, AZ	Distance	45.61	ft	2025-07-23
Dallas, TX	Velocity	8.37	MPH	2025-05-23
Seattle, WA	Distance	65.01	ft	2025-08-05
Houston, TX	Velocity	100.85	MPH	2025-04-16
San Diego, CA	Temperature	106.21	F	2025-02-18
San Jose, CA	Length	112.51	in	2025-08-17
San Antonio, TX	Temperature	24.24	F	2025-08-28
