Memphis, TN	Velocity	109.83	MPH	2025-12-05
Seattle, WA	Velocity	32.05	MPH	2025-12-24
San Diego, CA	Length	92.22	in	2025-01-04
Boston, MA	Velocity	91.68	MPH	2025-12-08
Memphis, TN	Length	89.52	in	2025-03-11
Houston, TX	Distance	106.69	ft	2025-04-11
Seattle, WA	Velocity	63.18	MPH	2025-08-08
New York, NY	Distance	120.27	ft	2025-10-18
Chicago, IL	Length	76.02	in	2025-05-11
Austin, TX	Length	8.33	in	2025-11-09
Louisville, KY	Velocity	57.79	MPH	2025-07-20
Jacksonville, FL	Length	91.02	in	2025-04-02
Indianapolis, IN	Temperature	0.71	F	2025-04-24
Nashville, TN	Distance	134.99	ft	2025-04-17
Denver, CO	Temperature	19.81	F	2025-03-28
Dallas, TX	Temperature	2.65	F	2025-12-03
Baltimore, MD	Distance	30.76	ft	2025-10-25
Las Vegas, NV	Velocity	61.11	MPH	2025-07-15
El Paso, TX	Distance	11.22	ft	2025-04-17
San Antonio, TX	Temperature	47.38	F	2025-06-23
San Diego, CA	Temperature	30.18	F	2025-10-07
Philadelphia, PA	Velocity	27.71	MPH	2025-05-19
Boston, MA	Length	125.99	in	2025-06-27
Washington, DC	Length	92.70	in	2025-06-19
Chicago, IL	Velocity	100.20	MPH	2025-05-04
Houston, TX	Distance	96.23	ft	2025-07-09
Oklahoma City, OK	Temperature	13.01	F	2025-12-06
San Antonio, TX	Length	33.50	in	2025-11-05
Oklahoma City, OK	Velocity	83.13	MPH	2025-12-24
Chicago, IL	Length	49.57	in	2025-08-19
Jacksonville, FL	Length	68.68	in	2025-08-08
San Francisco, CA	Length	76.96	in	2025-02-13
Washington, DC	Temperature	71.08	F	2025-07-05
Boston, MA	Distance	10.37	ft	2025-07-25
New York, NY	Temperature	96.51	F	2025-01-20
El Paso, TX	Distance	81.50	ft	2025-08-14
Las Vegas, NV	Temperature	116.92	F	2025-12-06
San Francisco, CA	Distance	9.03	ft	2025-08-04
Memphis, TN	Length	39.35	in	2025-07-19
Oklahoma City, OK	Velocity	121.12	MPH	2025-10-19
Las Vegas, NV	Length	110.15	in	2025-07-07
Jacksonville, FL	Velocity	78.83	MPH	2025-03-15
Boston, MA	Length	140.65	in	2025-02-25
Phoenix, AZ	Length	0.78	in	2025-10-18
Indianapolis, IN	Length	24.47	in	2025-07-11
Nashville, TN	Length	18.80	in	2025-07-18
Chicago, IL	Length	89.50	in	2025-10-08
Washington, DC	Velocity	44.38	MPH	2025-08-03
Los Angeles, CA	Temperature	65.70	F	2025-05-28
San Francisco, CA	Distance	65.31	ft	2025-07-01
Philadelphia, PA	Temperature	16.68	F	2025-03-08
Los Angeles, CA	Velocity	80.71	MPH	2025-08-16
Charlotte, NC	Distance	58.08	ft	2025-06-12
Columbus, OH	Distance	68.22	ft	2025-07-02
El Paso, TX	Length	135.61	in	2025-06-02
Austin, TX	Velocity	24.96	MPH	2025-01-02
Los Angeles, CA	Velocity	117.29	MPH	2025-06-03
Boston, MA	Distance	14.69	ft	2025-05-20
Los Angeles, CA	Length	60.15	in	2025-03-05
Portland, OR	Temperature	76.53	F	2025-09-02
New York, NY	Distance	135.96	ft	2025-06-28
San Diego, CA	Distance	61.95	ft	2025-08-16
Jacksonville, FL	Velocity	65.10	MPH	2025-08-22
Chicago, IL	Length	66.51	in	2025-08-22
Phoenix, AZ	Velocity	47.25	MPH	2025-01-10
Boston, MA	Distance	41.94	ft	2025-09-14
Washington, DC	Velocity	23.22	MPH	2025-12-26
Indianapolis, IN	Distance	118.77	ft	2025-08-18
Austin, TX	Distance	108.66	ft	2025-06-24
Los Angeles, CA	Velocity	74.05	MPH	2025-12-22
Houston, TX	Length	102.99	in	2025-02-18
Boston, MA	Velocity	23.27	MPH	2025-12-03
Fort Worth, TX	Temperature	83.82	F	2025-01-20
Detroit, MI	Length	36.55	in	2025-01-19
Nashville, TN	Temperature	26.78	F	2025-06-09
Philadelphia, PA	Velocity	29.56	MPH	2025-03-18
Chicago, IL	Distance	145.91	ft	2025-11-13
Philadelphia, PA	Length	58.78	in	2025-08-09
Memphis, TN	Length	44.71	in	2025-09-19
Denver, CO	Velocity	43.14	MPH	2025-01-27
Dallas, TX	Velocity	78.92	MPH	2025-04-04
Nashville, TN	Length	92.24	in	2025-09-16
Phoenix, AZ	Length	146.72	in	2025-08-04
New York, NY	Length	66.93	in	2025-10-23
Jacksonville, FL	Velocity	8.35	MPH	2025-11-24
Charlotte, NC	Velocity	108.11	MPH	2025-01-18
Portland, OR	Length	88.78	in	2025-08-13
Indianapolis, IN	Velocity	73.59	MPH	2025-11-11
Houston, TX	Temperature	52.50	F	2025-11-09
Philadelphia, PA	Velocity	36.72	MPH	2025-03-03
Columbus, OH	Length	92.66	in	2025-02-22
Louisville, KY	Temperature	58.35	F	2025-08-13
Washington, DC	Velocity	42.25	MPH	2025-12-14
Chicago, IL	Temperature	77.42	F	2025-07-26
Los Angeles, CA	Distance	34.94	ft	2025-09-13
Fort Worth, TX	Temperature	141.49	F	2025-03-05
Philadelphia, PA	Distance	5.30	ft	2025-10-19
Boston, MA	Distance	16.48	ft	2025-10-02
Fort Worth, TX	Distance	113.64	ft	2025-07-22
Seattle, WA	Length	62.23	in	2025-07-10
Nashville, TN	Velocity	148.08	MPH	2025-04-19
Chicago, IL	Velocity	100.21	MPH	2025-02-19
Seattle, WA	Length	66.57	in	2025-08-06
Las Vegas, NV	Length	148.65	in	2025-08-13
San Jose, CA	Length	52.47	in	2025-07-02
Phoenix, AZ	Temperature	116.73	F	2025-01-26
Indianapolis, IN	Velocity	134.90	MPH	2025-07-27
Memphis, TN	Temperature	141.52	F	2025-08-22
Chicago, IL	Temperature	123.32	F	2025-02-07
Detroit, MI	Temperature	78.93	F	2025-09-06
Jacksonville, FL	Distance	88.03	ft	2025-07-18
Austin, TX	Velocity	71.08	MPH	2025-10-05
Houston, TX	Velocity	102.38	MPH	2025-01-24
San Diego, CA	Length	85.63	in	2025-05-28
Jacksonville, FL	Temperature	144.61	F	2025-01-15
Washington, DC	Distance	37.48	ft	2025-02-25
Washington, DC	Length	122.04	in	2025-05-18
San Francisco, CA	Distance	79.48	ft	2025-08-20
San Antonio, TX	Length	21.66	in	2025-12-27
Los Angeles, CA	Length	28.92	in	2025-10-05
Boston, MA	Velocity	63.46	MPH	2025-06-23
Oklahoma City, OK	Distance	19.29	ft	2025-05-08
Columbus, OH	Length	77.72	in	2025-08-18
Chicago, IL	Length	70.47	in	2025-07-04
Chicago, IL	Velocity	5.28	MPH	2025-10-27
Boston, MA	Length	126.44	in	2025-12-03
Los Angeles, CA	Length	136.90	in	2025-06-16
Jacksonville, FL	Distance	5.64	ft	2025-04-23
Nashville, TN	Velocity	81.87	MPH	2025-10-12
Jacksonville, FL	Length	52.71	in	2025-07-19
Phoenix, AZ	Velocity	48.71	MPH	2025-01-01
Washington, DC	Velocity	30.39	MPH	2025-05-14
Detroit, MI	Length	17.89	in	2025-05-20
Baltimore, MD	Velocity	147.11	MPH	2025-07-26
Baltimore, MD	Temperature	95.26	F	2025-06-02
El Paso, TX	Distance	94.07	ft	2025-06-17
San Francisco, CA	Velocity	146.30	MPH	2025-11-01
Charlotte, NC	Temperature	143.19	F	2025-04-24
Louisville, KY	Temperature	67.72	F	2025-03-26
Detroit, MI	Distance	55.05	ft	2025-09-08
Las Vegas, NV	Length	117.96	in	2025-07-28
Washington, DC	Distance	123.76	ft	2025-06-21
San Antonio, TX	Length	3.35	in	2025-06-02
Philadelphia, PA	Velocity	107.20	MPH	2025-01-26
Seattle, WA	Distance	41.30	ft	2025-10-23
Houston, TX	Distance	0.43	ft	2025-03-24
Charlotte, NC	Distance	142.49	ft	2025-03-20
Boston, MA	Distance	72.90	ft	2025-04-02
Seattle, WA	Velocity	27.94	MPH	2025-08-16
Las Vegas, NV	Distance	127.29	ft	2025-07-23
Houston, TX	Distance	9.42	ft	2025-04-11
Indianapolis, IN	Velocity	60.20	MPH	2025-10-03
Baltimore, MD	Velocity	22.18	MPH	2025-11-12
Jacksonville, FL	Length	79.83	in	2025-10-27
Portland, OR	Velocity	142.45	MPH	2025-10-20
Seattle, WA	Temperature	148.09	F	2025-12-04
San Francisco, CA	Distance	21.92	ft	2025-07-07
San Antonio, TX	Length	35.91	in	2025-11-20
Jacksonville, FL	Distance	104.28	ft	2025-02-09
Louisville, KY	Temperature	38.06	F	2025-07-26
Las Vegas, NV	Distance	26.30	ft	2025-09-19
Portland, OR	Velocity	72.19	MPH	2025-09-27
Fort Worth, TX	Distance	111.70	ft	2025-08-22
Baltimore, MD	Distance	10.38	ft	2025-04-21
New York, NY	Velocity	76.71	MPH	2025-04-16
San Jose, CA	Length	88.80	in	2025-05-17
Philadelphia, PA	Temperature	113.38	F	2025-02-13
Denver, CO	Temperature	38.00	F	2025-04-26
El Paso, TX	Distance	146.81	ft	2025-03-07
Phoenix, AZ	Velocity	39.88	MPH	2025-02-16
Oklahoma City, OK	Distance	92.04	ft	2025-01-19
Louisville, KY	Temperature	40.52	F	2025-02-14
Phoenix, AZ	Temperature	111.85	F	2025-04-08
San Antonio, TX	Velocity	50.31	MPH	2025-10-22
Dallas, TX	Temperature	48.38	F	2025-02-10
Dallas, TX	Temperature	129.64	F	2025-07-01
Portland, OR	Velocity	78.77	MPH	2025-03-20
San Francisco, CA	Temperature	117.84	F	2025-10-24
Washington, DC	Velocity	131.89	MPH	2025-12-09
Jacksonville, FL	Velocity	138.54	MPH	2025-08-08
Seattle, WA	Temperature	89.65	F	2025-04-25
Denver, CO	Velocity	134.61	MPH	2025-01-03
Phoenix, AZ	Velocity	67.89	MPH	2025-08-03
Columbus, OH	Temperature	39.50	F	2025-06-23
San Antonio, TX	Temperature	66.54	F	2025-11-14
El Paso, TX	Length	130.30	in	2025-09-12
Los Angeles, CA	Distance	36.71	ft	2025-05-11
Las Vegas, NV	Temperature	132.87	F	2025-11-10
Memphis, TN	Velocity	112.57	MPH	2025-06-06
Memphis, TN	Velocity	98.26	MPH	2025-09-14
Austin, TX	Distance	39.60	ft	2025-04-09
Dallas, TX	Temperature	117.69	F	2025-01-21
Indianapolis, IN	Distance	16.06	ft	2025-03-22
Washington, DC	Length	115.06	in	2025-06-23
Seattle, WA	Length	52.33	in	2025-09-25
Chicago, IL	Distance	145.33	ft	2025-03-11
New York, NY	Velocity	25.99	MPH	2025-04-09
Jacksonville, FL	Temperature	8.33	F	2025-08-07
Baltimore, MD	Length	24.19	in	2025-07-15
Charlotte, NC	Temperature	8.19	F	2025-06-28
