Denver, CO	Temperature	122.04	F	2025-02-16
Austin, TX	Distance	122.57	ft	2025-02-18
El Paso, TX	Length	142.25	in	2025-03-14
Charlotte, NC	Length	94.15	in	2025-08-11
Memphis, TN	Velocity	20.08	MPH	2025-05-06
Louisville, KY	Velocity	34.80	MPH	2025-03-26
San Jose, CA	Velocity	77.89	MPH	2025-01-14
Louisville, KY	Length	72.23	in	2025-01-20
El Paso, TX	Length	109.69	in	2025-01-06
Portland, OR	Length	52.28	in	2025-05-21
Philadelphia, PA	Velocity	79.99	MPH	2025-08-25
Portland, OR	Velocity	103.50	MPH	2025-03-24
Baltimore, MD	Length	149.65	in	2025-09-15
Washington, DC	Length	132.35	in	2025-12-03
Washington, DC	Velocity	15.04	MPH	2025-09-08
New York, NY	Length	59.07	in	2025-01-11
Columbus, OH	Distance	81.74	ft	2025-05-11
San Francisco, CA	Distance	56.42	ft	2025-05-09
Jacksonville, FL	Length	134.81	in	2025-04-04
Detroit, MI	Velocity	118.30	MPH	2025-10-06
Nashville, TN	Length	51.01	in	2025-03-20
Oklahoma City, OK	Distance	38.17	ft	2025-12-25
Houston, TX	Velocity	67.10	MPH	2025-06-13
Jacksonville, FL	Distance	138.98	ft	2025-10-21
Phoenix, AZ	Distance	41.66	ft	2025-03-12
Chicago, IL	Temperature	99.58	F	2025-01-10
Fort Worth, TX	Length	39.85	in	2025-08-26
Memphis, TN	Velocity	143.94	MPH	2025-03-01
Washington, DC	Length	108.17	in	2025-10-25
San Jose, CA	Temperature	99.07	F	2025-01-05
Seattle, WA	Velocity	54.52	MPH	2025-04-25
Phoenix, AZ	Velocity	68.42	MPH	2025-11-20
Jacksonville, FL	Distance	135.83	ft	2025-05-03
Dallas, TX	Velocity	130.80	MPH	2025-04-21
New York, NY	Distance	135.58	ft	2025-10-15
Oklahoma City, OK	Length	114.07	in	2025-01-22
Louisville, KY	Distance	121.49	ft	2025-08-18
Los Angeles, CA	Temperature	131.03	F	2025-03-21
Oklahoma City, OK	Velocity	19.12	MPH	2025-09-03
Los Angeles, CA	Velocity	53.03	MPH	2025-03-03
Columbus, OH	Velocity	69.92	MPH	2025-12-22
Fort Worth, TX	Temperature	148.87	F	2025-02-22
Philadelphia, PA	Temperature	103.19	F	2025-02-14
Memphis, TN	Temperature	78.03	F	2025-07-14
Charlotte, NC	Temperature	125.43	F	2025-06-09
Denver, CO	Length	62.36	in	2025-04-28
Jacksonville, FL	Velocity	82.19	MPH	2025-07-21
Chicago, IL	Distance	133.52	ft	2025-01-28
Austin, TX	Length	65.04	in	2025-10-14
Charlotte, NC	Length	19.77	in	2025-09-20
Chicago, IL	Temperature	55.08	F	2025-07-01
Las Vegas, NV	Temperature	8.46	F	2025-12-09
Fort Worth, TX	Length	105.67	in	2025-11-03
Phoenix, AZ	Velocity	27.28	MPH	2025-02-08
Detroit, MI	Velocity	24.11	MPH	2025-09-10
San Antonio, TX	Velocity	90.30	MPH	2025-05-18
Boston, MA	Length	80.45	in	2025-10-13
San Jose, CA	Length	17.62	in	2025-11-05
Indianapolis, IN	Velocity	128.35	MPH	2025-06-09
Fort Worth, TX	Distance	134.40	ft	2025-09-08
Memphis, TN	Velocity	133.04	MPH	2025-08-13
Louisville, KY	Velocity	18.38	MPH	2025-01-28
Houston, TX	Distance	47.03	ft	2025-08-03
Washington, DC	Velocity	5.48	MPH	2025-10-10
Las Vegas, NV	Length	56.15	in	2025-07-03
Detroit, MI	Velocity	25.07	MPH	2025-12-05
Los Angeles, CA	Velocity	74.70	MPH	2025-05-09
Fort Worth, TX	Temperature	91.71	F	2025-01-26
Phoenix, AZ	Temperature	40.51	F	2025-05-20
Baltimore, MD	Length	135.99	in	2025-11-02
Louisville, KY	Temperature	100.24	F	2025-07-20
San Antonio, TX	Distance	5.18	ft	2025-09-15
El Paso, TX	Length	124.93	in	2025-11-24
Seattle, WA	Distance	118.76	ft	2025-07-23
Louisville, KY	Distance	124.34	ft	2025-09-05
Los Angeles, CA	Velocity	80.79	MPH	2025-11-05
Portland, OR	Temperature	147.66	F	2025-10-21
San Jose, CA	Length	133.76	in	2025-05-08
Baltimore, MD	Temperature	57.26	F	2025-02-10
Memphis, TN	Temperature	63.69	F	2025-09-28
Dallas, TX	Distance	39.63	ft	2025-03-22
Denver, CO	Temperature	101.29	F	2025-02-19
Oklahoma City, OK	Velocity	79.88	MPH	2025-02-09
San Francisco, CA	Distance	29.13	ft	2025-05-12
Chicago, IL	Length	10.09	in	2025-12-13
Indianapolis, IN	Velocity	105.24	MPH	2025-01-09
Oklahoma City, OK	Length	128.30	in	2025-11-04
Charlotte, NC	Temperature	25.84	F	2025-02-16
Boston, MA	Length	148.07	in	2025-06-19
Portland, OR	Length	32.93	in	2025-04-08
Detroit, MI	Distance	55.95	ft	2025-06-20
Las Vegas, NV	Velocity	25.73	MPH	2025-06-14
San Diego, CA	Temperature	95.66	F	2025-05-13
Seattle, WA	Velocity	38.84	MPH	2025-12-10
San Jose, CA	Length	98.32	in	2025-12-27
Denver, CO	Distance	12.92	ft	2025-03-14
Nashville, TN	Distance	32.53	ft	2025-07-25
Oklahoma City, OK	Velocity	56.06	MPH	2025-09-02
San Jose, CA	Length	64.57	in	2025-12-05
San Jose, CA	Temperature	77.71	F	2025-09-02
Washington, DC	Velocity	81.98	MPH	2025-02-26
Oklahoma City, OK	Length	123.45	in	2025-06-25
Austin, TX	Velocity	79.10	MPH	2025-07-26
Austin, TX	Length	145.11	in	2025-12-01
San Francisco, CA	Length	84.68	in	2025-03-08
Chicago, IL	Temperature	83.11	F	2025-09-15
Indianapolis, IN	Temperature	103.32	F	2025-02-19
Boston, MA	Length	61.80	in	2025-12-19
San Francisco, CA	Velocity	74.53	MPH	2025-06-19
Jacksonville, FL	Temperature	48.96	F	2025-02-21
San Francisco, CA	Distance	149.17	ft	2025-02-26
Chicago, IL	Temperature	15.49	F	2025-06-10
Philadelphia, PA	Temperature	3.14	F	2025-09-13
San Jose, CA	Velocity	86.95	MPH	2025-11-21
San Antonio, TX	Distance	77.91	ft	2025-08-27
Washington, DC	Velocity	3.44	MPH	2025-09-09
Chicago, IL	Velocity	125.37	MPH	2025-04-07
Boston, MA	Distance	112.38	ft	2025-02-04
Boston, MA	Temperature	136.76	F	2025-10-05
San Diego, CA	Velocity	84.93	MPH	2025-06-13
Jacksonville, FL	Temperature	73.70	F	2025-06-27
Oklahoma City, OK	Length	135.46	in	2025-10-20
San Jose, CA	Length	98.32	in	2025-05-12
Austin, TX	Length	143.34	in	2025-02-10
San Diego, CA	Velocity	5.32	MPH	2025-04-27
Oklahoma City, OK	Velocity	38.32	MPH	2025-04-05
Houston, TX	Temperature	78.35	F	2025-01-13
San Francisco, CA	Velocity	54.64	MPH	2025-11-09
Memphis, TN	Length	27.96	in	2025-03-09
Memphis, TN	Distance	93.72	ft	2025-07-14
San Antonio, TX	Distance	9.67	ft	2025-01-13
Baltimore, MD	Length	91.41	in	2025-02-16
Charlotte, NC	Length	14.73	in	2025-08-11
Detroit, MI	Velocity	3.20	MPH	2025-08-18
San Diego, CA	Velocity	104.89	MPH	2025-07-01
Seattle, WA	Temperature	94.63	F	2025-04-09
Denver, CO	Velocity	104.06	MPH	2025-06-09
Columbus, OH	Velocity	9.26	MPH	2025-02-13
Nashville, TN	Velocity	53.24	MPH	2025-12-18
Columbus, OH	Temperature	19.77	F	2025-03-27
Denver, CO	Temperature	112.86	F	2025-08-04
Nashville, TN	Distance	1.74	ft	2025-09-14
New York, NY	Distance	37.67	ft	2025-01-11
Indianapolis, IN	Length	145.08	in	2025-03-06
Houston, TX	Length	27.68	in	2025-03-08
Oklahoma City, OK	Length	27.67	in	2025-05-20
Boston, MA	Velocity	41.74	MPH	2025-10-21
Phoenix, AZ	Distance	10.49	ft	2025-03-06
Indianapolis, IN	Distance	5.24	ft	2025-12-19
Boston, MA	Temperature	122.18	F	2025-12-23
Washington, DC	Temperature	62.56	F	2025-07-20
San Francisco, CA	Distance	146.83	ft	2025-11-23
Chicago, IL	Distance	134.03	ft	2025-01-05
Oklahoma City, OK	Length	77.81	in	2025-02-07
Oklahoma City, OK	Velocity	102.03	MPH	2025-01-04
Austin, TX	Temperature	139.49	F	2025-07-10
Jacksonville, FL	Temperature	140.18	F	2025-12-11
Boston, MA	Temperature	121.43	F	2025-10-03
New York, NY	Distance	90.32	ft	2025-04-13
Dallas, TX	Length	78.19	in	2025-09-04
Houston, TX	Length	84.61	in	2025-10-24
Seattle, WA	Velocity	88.49	MPH	2025-01-10
San Antonio, TX	Length	118.10	in	2025-04-04
El Paso, TX	Length	82.74	in	2025-11-07
Chicago, IL	Temperature	84.38	F	2025-03-01
Dallas, TX	Length	114.93	in	2025-04-28
Las Vegas, NV	Length	0.33	in	2025-09-16
El Paso, TX	Temperature	9.85	F	2025-03-25
Jacksonville, FL	Velocity	94.04	MPH	2025-12-01
Seattle, WA	Temperature	79.21	F	2025-12-02
Charlotte, NC	Length	68.15	in	2025-04-24
Seattle, WA	Temperature	113.63	F	2025-03-18
Baltimore, MD	Distance	17.50	ft	2025-11-12
Detroit, MI	Distance	81.14	ft	2025-11-10
Houston, TX	Length	7.80	in	2025-09-28
Los Angeles, CA	Velocity	6.21	MPH	2025-11-08
Austin, TX	Length	92.30	in	2025-11-08
Memphis, TN	Temperature	8.47	F	2025-08-10
Dallas, TX	Velocity	54.26	MPH	2025-08-02
Dallas, TX	Distance	112.54	ft	2025-09-11
Oklahoma City, OK	Temperature	69.93	F	2025-08-24
Baltimore, MD	Distance	78.44	ft	2025-05-22
Baltimore, MD	Length	56.96	in	2025-03-13
San Francisco, CA	Distance	25.03	ft	2025-08-06
Boston, MA	Velocity	59.78	MPH	2025-12-26
Detroit, MI	Velocity	125.98	MPH	2025-04-23
Baltimore, MD	Velocity	42.45	MPH	2025-06-22
Jacksonville, FL	Distance	97.76	ft	2025-08-25
Boston, MA	Distance	15.84	ft	2025-02-04
Boston, MA	Length	52.14	in	2025-02-01
San Jose, CA	Distance	5.85	ft	2025-01-22
Jacksonville, FL	Distance	41.52	ft	2025-07-23
El Paso, TX	Length	103.66	in	2025-05-19
Oklahoma City, OK	Length	35.87	in	2025-09-07
Baltimore, MD	Velocity	83.10	MPH	2025-04-21
San Francisco, CA	Velocity	144.35	MPH	2025-08-04
Charlotte, NC	Temperature	147.17	F	2025-05-04
Louisville, KY	Distance	3.68	ft	2025-02-02
Phoenix, AZ	Length	138.79	in	2025-02-23
Nashville, TN	Distance	114.26	ft	2025-08-03
