Boston, MA	Distance	11.30	ft	2025-05-26
Chicago, IL	Distance	38.45	ft	2025-08-11
San Jose, CA	Length	109.72	in	2025-12-17
San Francisco, CA	Length	144.75	in	2025-08-20
Philadelphia, PA	Distance	59.25	ft	2025-08-22
Seattle, WA	Temperature	9.56	F	2025-04-03
Indianapolis, IN	Distance	44.79	ft	2025-09-20
Fort Worth, TX	Velocity	19.38	MPH	2025-10-17
Nashville, TN	Distance	128.83	ft	2025-10-05
Chicago, IL	Length	106.77	in	2025-04-10
Detroit, MI	Velocity	8.58	MPH	2025-03-04
El Paso, TX	Velocity	76.93	MPH	2025-08-18
Nashville, TN	Velocity	128.03	MPH	2025-07-13
Memphis, TN	Temperature	101.33	F	2025-09-20
San Jose, CA	Temperature	121.06	F	2025-01-10
Houston, TX	Velocity	59.23	MPH	2025-08-05
Phoenix, AZ	Distance	35.11	ft	2025-01-13
Chicago, IL	Velocity	9.80	MPH	2025-08-17
San Jose, CA	Temperature	74.48	F	2025-07-09
Detroit, MI	Distance	13.44	ft	2025-08-28
San Diego, CA	Temperature	23.86	F	2025-01-12
Indianapolis, IN	Length	131.34	in	2025-07-18
Portland, OR	Velocity	39.18	MPH	2025-01-21
El Paso, TX	Velocity	93.35	MPH	2025-06-28
Las Vegas, NV	Velocity	76.63	MPH	2025-10-21
Nashville, TN	Distance	116.51	ft	2025-02-10
San Jose, CA	Velocity	42.55	MPH	2025-05-22
Phoenix, AZ	Temperature	24.40	F	2025-03-16
Fort Worth, TX	Temperature	129.69	F	2025-03-24
San Jose, CA	Velocity	51.51	MPH	2025-02-11
Austin, TX	Length	143.64	in	2025-01-09
Phoenix, AZ	Distance	101.02	ft	2025-08-05
Austin, TX	Length	33.04	in	2025-01-14
New York, NY	Length	30.77	in	2025-01-23
Jacksonville, FL	Length	133.82	in	2025-05-24
San Francisco, CA	Temperature	149.90	F	2025-02-05
San Antonio, TX	Velocity	36.79	MPH	2025-08-18
Portland, OR	Temperature	108.76	F	2025-02-05
Phoenix, AZ	Temperature	84.36	F	2025-07-12
Portland, OR	Distance	82.04	ft	2025-05-10
Dallas, TX	Distance	133.34	ft	2025-09-24
Seattle, WA	Temperature	148.10	F	2025-03-19
Dallas, TX	Distance	37.56	ft	2025-12-05
Dallas, TX	Temperature	52.29	F	2025-05-25
Boston, MA	Velocity	82.48	MPH	2025-10-19
Denver, CO	Distance	124.64	ft	2025-06-09
Oklahoma City, OK	Length	47.33	in	2025-03-03
New York, NY	Length	128.57	in	2025-05-18
Oklahoma City, OK	Length	38.18	in	2025-06-01
Detroit, MI	Temperature	112.18	F	2025-12-04
Chicago, IL	Velocity	10.63	MPH	2025-04-18
Indianapolis, IN	Velocity	108.29	MPH	2025-08-10
Austin, TX	Temperature	35.88	F	2025-01-21
Denver, CO	Temperature	85.03	F	2025-08-13
Louisville, KY	Distance	31.11	ft	2025-09-10
Denver, CO	Temperature	142.63	F	2025-08-12
Austin, TX	Velocity	0.39	MPH	2025-08-22
Oklahoma City, OK	Temperature	28.95	F	2025-11-28
Chicago, IL	Length	136.45	in	2025-06-21
Jacksonville, FL	Velocity	59.91	MPH	2025-07-10
Baltimore, MD	Length	59.85	in	2025-01-26
San Diego, CA	Temperature	57.99	F	2025-04-22
Phoenix, AZ	Distance	7.62	ft	2025-10-24
Jacksonville, FL	Velocity	86.96	MPH	2025-05-03
Indianapolis, IN	Temperature	89.62	F	2025-02-21
Columbus, OH	Temperature	48.14	F	2025-03-24
Memphis, TN	Length	113.47	in	2025-05-07
Portland, OR	Length	83.90	in	2025-06-12
San Jose, CA	Distance	26.03	ft	2025-06-02
El Paso, TX	Temperature	124.30	F	2025-12-18
San Jose, CA	Length	108.96	in	2025-02-06
San Francisco, CA	Distance	12.57	ft	2025-07-03
San Jose, CA	Distance	95.97	ft	2025-10-13
Boston, MA	Temperature	133.71	F	2025-12-28
Las Vegas, NV	Velocity	135.72	MPH	2025-01-08
Portland, OR	Temperature	90.81	F	2025-06-10
Columbus, OH	Temperature	85.83	F	2025-02-12
Los Angeles, CA	Temperature	49.11	F	2025-06-10
Washington, DC	Distance	35.78	ft	2025-06-02
Austin, TX	Distance	108.03	ft	2025-07-25
Memphis, TN	Velocity	99.68	MPH	2025-11-25
Charlotte, NC	Velocity	101.43	MPH	2025-11-05
Houston, TX	Velocity	20.13	MPH	2025-12-13
Denver, CO	Temperature	133.54	F	2025-10-19
Austin, TX	Length	72.60	in	2025-07-21
San Francisco, CA	Temperature	117.84	F	2025-05-01
Denver, CO	Distance	134.08	ft	2025-06-26
Detroit, MI	Temperature	112.50	F	2025-03-27
Nashville, TN	Distance	121.81	ft	2025-01-13
San Diego, CA	Length	107.32	in	2025-01-03
Detroit, MI	Temperature	79.65	F	2025-04-15
Jacksonville, FL	Temperature	7.20	F	2025-02-23
Fort Worth, TX	Length	9.13	in	2025-08-11
El Paso, TX	Velocity	53.39	MPH	2025-10-10
Denver, CO	Distance	149.21	ft	2025-02-27
Las Vegas, NV	Velocity	1.91	MPH	2025-03-12
Dallas, TX	Temperature	39.44	F	2025-04-27
Los Angeles, CA	Length	62.83	in	2025-09-16
Seattle, WA	Temperature	5.33	F	2025-05-24
Denver, CO	Velocity	112.78	MPH	2025-06-28
Phoenix, AZ	Distance	49.96	ft	2025-02-01
New York, NY	Length	41.97	in	2025-04-22
Dallas, TX	Distance	37.12	ft	2025-05-17
Memphis, TN	Velocity	6.17	MPH	2025-09-05
San Jose, CA	Distance	73.71	ft	2025-04-15
Indianapolis, IN	Length	6.76	in	2025-05-16
Oklahoma City, OK	Distance	147.34	ft	2025-03-04
Boston, MA	Temperature	140.14	F	2025-08-10
Louisville, KY	Distance	65.11	ft	2025-02-10
Phoenix, AZ	Temperature	40.60	F	2025-12-20
Baltimore, MD	Velocity	106.06	MPH	2025-10-01
San Jose, CA	Distance	23.03	ft	2025-11-22
El Paso, TX	Distance	118.13	ft	2025-06-24
Fort Worth, TX	Velocity	60.73	MPH	2025-01-03
Baltimore, MD	Temperature	1.39	F	2025-10-24
Nashville, TN	Distance	119.35	ft	2025-03-10
Boston, MA	Distance	101.04	ft	2025-06-13
Denver, CO	Distance	149.24	ft	2025-09-15
Nashville, TN	Velocity	43.20	MPH	2025-11-27
San Diego, CA	Velocity	44.24	MPH	2025-04-11
Nashville, TN	Length	119.49	in	2025-01-18
Philadelphia, PA	Length	6.85	in	2025-05-18
Chicago, IL	Velocity	133.66	MPH	2025-10-10
Memphis, TN	Length	112.47	in	2025-06-16
Oklahoma City, OK	Velocity	54.83	MPH	2025-07-28
San Antonio, TX	Velocity	78.93	MPH	2025-09-04
Austin, TX	Temperature	37.27	F	2025-01-24
San Francisco, CA	Temperature	30.73	F	2025-02-05
Columbus, OH	Temperature	22.29	F	2025-05-02
Denver, CO	Distance	138.43	ft	2025-07-02
Portland, OR	Distance	80.82	ft	2025-12-08
Detroit, MI	Velocity	106.33	MPH	2025-06-17
Denver, CO	Length	138.74	in	2025-12-15
Memphis, TN	Distance	9.36	ft	2025-01-13
San Francisco, CA	Velocity	109.46	MPH	2025-07-27
Houston, TX	Velocity	59.40	MPH	2025-10-17
Dallas, TX	Length	11.96	in	2025-12-10
San Francisco, CA	Distance	143.12	ft	2025-11-25
Indianapolis, IN	Length	144.36	in	2025-05-14
San Antonio, TX	Distance	69.17	ft	2025-01-16
Houston, TX	Temperature	9.98	F	2025-05-27
San Francisco, CA	Temperature	105.21	F	2025-12-13
El Paso, TX	Length	40.65	in	2025-01-02
Indianapolis, IN	Distance	42.58	ft	2025-07-16
Dallas, TX	Length	78.37	in	2025-04-06
San Diego, CA	Distance	22.24	ft	2025-05-15
New York, NY	Temperature	58.07	F	2025-02-26
Philadelphia, PA	Temperature	143.15	F	2025-12-06
San Antonio, TX	Temperature	27.02	F	2025-01-09
Washington, DC	Length	103.98	in	2025-05-02
Portland, OR	Temperature	1.06	F	2025-08-05
Philadelphia, PA	Velocity	70.98	MPH	2025-11-18
New York, NY	Temperature	31.78	F	2025-05-26
Detroit, MI	Velocity	102.22	MPH	2025-11-05
Boston, MA	Distance	95.05	ft	2025-04-04
Washington, DC	Velocity	27.15	MPH	2025-08-23
Columbus, OH	Temperature	120.32	F	2025-10-11
New York, NY	Velocity	115.32	MPH	2025-11-12
Seattle, WA	Temperature	19.54	F	2025-10-23
San Antonio, TX	Temperature	50.46	F	2025-11-14
Jacksonville, FL	Velocity	4.34	MPH	2025-04-13
New York, NY	Velocity	61.02	MPH	2025-05-11
Dallas, TX	Velocity	15.77	MPH	2025-05-21
Washington, DC	Velocity	55.26	MPH	2025-03-08
Charlotte, NC	Temperature	108.75	F	2025-05-16
Louisville, KY	Distance	117.95	ft	2025-12-26
Denver, CO	Temperature	129.45	F	2025-08-12
Portland, OR	Distance	9.16	ft	2025-03-17
San Diego, CA	Velocity	103.72	MPH	2025-06-04
Charlotte, NC	Velocity	18.32	MPH	2025-12-28
Phoenix, AZ	Velocity	21.81	MPH	2025-09-15
Detroit, MI	Velocity	51.75	MPH	2025-02-26
San Francisco, CA	Length	113.29	in	2025-10-13
San Diego, CA	Velocity	50.94	MPH	2025-10-02
Fort Worth, TX	Velocity	119.34	MPH	2025-02-04
San Antonio, TX	Distance	135.74	ft	2025-03-27
Philadelphia, PA	Length	73.15	in	2025-03-07
Oklahoma City, OK	Distance	76.73	ft	2025-05-17
Baltimore, MD	Length	81.84	in	2025-03-24
Nashville, TN	Distance	130.83	ft	2025-05-12
Phoenix, AZ	Distance	68.39	ft	2025-01-13
Portland, OR	Distance	126.20	ft	2025-05-09
Dallas, TX	Velocity	106.26	MPH	2025-01-18
Chicago, IL	Length	143.25	in	2025-08-13
San Francisco, CA	Distance	125.90	ft	2025-08-14
Oklahoma City, OK	Temperature	77.14	F	2025-05-20
Oklahoma City, OK	Length	38.24	in	2025-08-26
Indianapolis, IN	Temperature	26.88	F	2025-04-20
New York, NY	Distance	7.64	ft	2025-03-27
Detroit, MI	Temperature	11.61	F	2025-03-04
Portland, OR	Distance	22.68	ft	2025-11-03
Dallas, TX	Length	9.86	in	2025-07-06
Las Vegas, NV	Velocity	61.47	MPH	2025-11-27
Jacksonville, FL	Distance	26.96	ft	2025-03-15
Fort Worth, TX	Temperature	138.24	F	2025-07-14
Philadelphia, PA	Velocity	9.50	MPH	2025-02-19
Louisville, KY	Distance	28.14	ft	2025-09-27
Las Vegas, NV	Temperature	20.33	F	2025-03-19
Columbus, OH	Velocity	82.70	MPH	2025-05-27
Charlotte, NC	Distance	74.18	ft	2025-07-16
