San Antonio, TX	Length	6.05	in	2025-07-07
Detroit, MI	Distance	4.13	ft	2025-08-03
San Francisco, CA	Length	34.19	in	2025-04-27
Boston, MA	Temperature	4.23	F	2025-07-23
Las Vegas, NV	Distance	42.53	ft	2025-05-25
Oklahoma City, OK	Temperature	92.49	F	2025-05-09
San Antonio, TX	Velocity	52.81	MPH	2025-04-13
Phoenix, AZ	Velocity	106.39	MPH	2025-01-26
Houston, TX	Length	6.76	in	2025-02-05
Philadelphia, PA	Velocity	5.66	MPH	2025-09-14
Houston, TX	Length	74.82	in	2025-04-13
Portland, OR	Length	66.10	in	2025-06-01
Las Vegas, NV	Length	8.92	in	2025-02-15
Denver, CO	Length	87.78	in	2025-11-17
El Paso, TX	Length	102.84	in	2025-07-23
Chicago, IL	Temperature	100.07	F	2025-12-11
Dallas, TX	Length	52.95	in	2025-08-08
Phoenix, AZ	Velocity	53.95	MPH	2025-02-18
Nashville, TN	Velocity	120.85	MPH	2025-09-09
Oklahoma City, OK	Length	59.33	in	2025-02-26
Fort Worth, TX	Distance	43.79	ft	2025-07-25
Charlotte, NC	Temperature	11.91	F	2025-07-01
San Diego, CA	Length	113.78	in	2025-02-05
Memphis, TN	Velocity	79.60	MPH	2025-03-06
Chicago, IL	Length	121.31	in	2025-02-05
Nashville, TN	Distance	139.97	ft	2025-12-26
Phoenix, AZ	Distance	43.30	ft	2025-11-24
El Paso, TX	Length	147.53	in	2025-07-11
Fort Worth, TX	Velocity	44.19	MPH	2025-10-12
Columbus, OH	Temperature	135.01	F	2025-06-19
Louisville, KY	Length	121.72	in	2025-02-25
Nashville, TN	Temperature	20.54	F	2025-09-27
Washington, DC	Distance	127.83	ft	2025-05-05
Columbus, OH	Length	118.00	in	2025-10-20
San Diego, CA	Temperature	36.28	F	2025-04-27
Fort Worth, TX	Velocity	131.71	MPH	2025-03-07
Houston, TX	Distance	10.77	ft	2025-06-14
Nashville, TN	Distance	45.25	ft	2025-01-18
Fort Worth, TX	Length	34.17	in	2025-05-15
Charlotte, NC	Length	60.22	in	2025-08-20
Baltimore, MD	Length	26.36	in	2025-09-19
Oklahoma City, OK	Length	145.01	in	2025-03-13
Dallas, TX	Velocity	132.35	MPH	2025-12-20
Detroit, MI	Distance	69.92	ft	2025-01-14
Austin, TX	Length	138.86	in	2025-05-15
Chicago, IL	Length	73.09	in	2025-08-23
San Diego, CA	Temperature	90.18	F	2025-01-10
Indianapolis, IN	Length	19.87	in	2025-07-25
Austin, TX	Length	34.17	in	2025-09-10
Louisville, KY	Distance	142.38	ft	2025-01-01
Las Vegas, NV	Temperature	20.05	F	2025-07-23
Chicago, IL	Length	8.23	in	2025-10-05
El Paso, TX	Velocity	46.24	MPH	2025-07-18
Louisville, KY	Temperature	102.58	F	2025-07-18
Denver, CO	Length	14.54	in	2025-02-17
Detroit, MI	Temperature	58.02	F	2025-03-15
Las Vegas, NV	Velocity	126.98	MPH	2025-04-08
Los Angeles, CA	Length	18.82	in	2025-07-01
Indianapolis, IN	Distance	109.05	ft	2025-04-21
Memphis, TN	Temperature	17.05	F	2025-05-14
Las Vegas, NV	Distance	110.83	ft	2025-04-15
Indianapolis, IN	Velocity	144.04	MPH	2025-06-27
Austin, TX	Velocity	140.61	MPH	2025-09-12
Jacksonville, FL	Temperature	88.53	F	2025-02-10
Fort Worth, TX	Temperature	93.08	F	2025-09-13
Philadelphia, PA	Velocity	131.94	MPH	2025-05-19
Phoenix, AZ	Distance	99.06	ft	2025-11-01
Jacksonville, FL	Temperature	144.94	F	2025-09-18
Columbus, OH	Distance	82.03	ft	2025-07-09
Jacksonville, FL	Length	32.77	in	2025-01-24
Nashville, TN	Velocity	108.04	MPH	2025-04-02
Houston, TX	Temperature	104.20	F	2025-03-23
New York, NY	Temperature	86.70	F	2025-09-11
Houston, TX	Distance	18.97	ft	2025-10-05
Oklahoma City, OK	Temperature	45.01	F	2025-02-14
Portland, OR	Temperature	108.20	F	2025-10-19
San Antonio, TX	Length	142.66	in	2025-07-11
Austin, TX	Length	141.21	in	2025-06-05
Fort Worth, TX	Velocity	89.64	MPH	2025-05-26
Detroit, MI	Temperature	112.02	F	2025-05-05
Portland, OR	Velocity	84.26	MPH	2025-12-26
San Francisco, CA	Length	122.92	in	2025-04-25
Oklahoma City, OK	Distance	96.62	ft	2025-07-27
Los Angeles, CA	Distance	128.83	ft	2025-08-07
New York, NY	Velocity	10.41	MPH	2025-03-06
Austin, TX	Temperature	120.74	F	2025-04-20
Jacksonville, FL	Temperature	21.62	F	2025-02-04
Portland, OR	Distance	66.31	ft	2025-09-17
Indianapolis, IN	Velocity	48.54	MPH	2025-07-15
Charlotte, NC	Temperature	101.28	F	2025-04-08
Washington, DC	Temperature	119.37	F	2025-09-03
Houston, TX	Temperature	39.05	F	2025-04-02
Fort Worth, TX	Temperature	46.72	F	2025-04-22
Louisville, KY	Temperature	113.41	F	2025-06-27
Indianapolis, IN	Length	23.01	in	2025-03-14
Washington, DC	Temperature	49.61	F	2025-09-11
San Jose, CA	Distance	100.12	ft	2025-04-08
Portland, OR	Velocity	56.37	MPH	2025-02-13
Baltimore, MD	Temperature	113.99	F	2025-11-27
Philadelphia, PA	Velocity	70.96	MPH	2025-10-08
Fort Worth, TX	Temperature	141.57	F	2025-05-19
New York, NY	Length	30.80	in	2025-03-14
Oklahoma City, OK	Distance	10.02	ft	2025-02-22
Philadelphia, PA	Temperature	138.83	F	2025-08-12
Las Vegas, NV	Distance	118.33	ft	2025-08-19
Washington, DC	Temperature	66.76	F	2025-09-03
Charlotte, NC	Temperature	85.46	F	2025-03-01
Washington, DC	Length	77.06	in	2025-01-28
Seattle, WA	Temperature	113.57	F	2025-04-08
Portland, OR	Length	11.60	in	2025-10-02
Columbus, OH	Velocity	42.28	MPH	2025-07-12
San Antonio, TX	Velocity	48.75	MPH	2025-10-16
Baltimore, MD	Velocity	4.39	MPH	2025-08-19
Chicago, IL	Temperature	8.77	F	2025-07-07
Seattle, WA	Distance	100.56	ft	2025-09-06
Washington, DC	Distance	44.89	ft	2025-10-18
New York, NY	Distance	87.83	ft	2025-05-13
Washington, DC	Length	121.11	in	2025-02-13
Fort Worth, TX	Temperature	132.03	F	2025-01-04
San Francisco, CA	Temperature	129.57	F	2025-01-10
Las Vegas, NV	Velocity	126.39	MPH	2025-04-07
Louisville, KY	Distance	144.70	ft	2025-02-28
Boston, MA	Temperature	61.10	F	2025-09-18
Memphis, TN	Velocity	95.22	MPH	2025-04-04
Charlotte, NC	Length	22.80	in	2025-11-01
Boston, MA	Distance	74.50	ft	2025-03-07
San Antonio, TX	Distance	30.57	ft	2025-02-21
Louisville, KY	Temperature	79.41	F	2025-08-21
San Diego, CA	Length	12.99	in	2025-02-23
Memphis, TN	Temperature	31.99	F	2025-07-22
Philadelphia, PA	Velocity	127.03	MPH	2025-07-11
San Jose, CA	Temperature	48.72	F	2025-09-19
Nashville, TN	Length	90.05	in	2025-09-22
San Jose, CA	Velocity	138.67	MPH	2025-03-01
Detroit, MI	Length	11.36	in	2025-06-05
Seattle, WA	Length	34.53	in	2025-04-21
New York, NY	Temperature	61.45	F	2025-07-09
San Francisco, CA	Distance	126.29	ft	2025-08-03
San Jose, CA	Distance	74.49	ft	2025-03-07
Austin, TX	Length	41.24	in	2025-06-09
Nashville, TN	Length	86.73	in	2025-06-18
El Paso, TX	Length	111.22	in	2025-09-12
Philadelphia, PA	Velocity	96.39	MPH	2025-08-26
Jacksonville, FL	Temperature	137.85	F	2025-08-04
Dallas, TX	Distance	110.03	ft	2025-05-28
San Diego, CA	Temperature	51.03	F	2025-01-20
Austin, TX	Velocity	109.85	MPH	2025-02-03
Baltimore, MD	Velocity	120.79	MPH	2025-05-09
Boston, MA	Temperature	12.93	F	2025-05-24
Las Vegas, NV	Temperature	125.64	F	2025-04-07
New York, NY	Velocity	132.66	MPH	2025-01-19
Nashville, TN	Velocity	25.85	MPH	2025-05-16
Washington, DC	Velocity	119.73	MPH	2025-01-26
New York, NY	Velocity	140.32	MPH	2025-05-02
Portland, OR	Length	49.01	in	2025-12-28
Memphis, TN	Length	84.66	in	2025-10-20
Indianapolis, IN	Length	16.98	in	2025-06-11
Fort Worth, TX	Length	59.28	in	2025-03-17
Charlotte, NC	Temperature	61.46	F	2025-09-19
Las Vegas, NV	Length	86.42	in	2025-06-23
El Paso, TX	Velocity	17.10	MPH	2025-07-14
Philadelphia, PA	Temperature	28.55	F	2025-07-03
Nashville, TN	Velocity	107.12	MPH	2025-08-13
Oklahoma City, OK	Distance	67.69	ft	2025-04-12
New York, NY	Length	133.35	in	2025-12-08
San Diego, CA	Velocity	31.36	MPH	2025-01-01
Houston, TX	Distance	121.18	ft	2025-01-10
Philadelphia, PA	Velocity	22.34	MPH	2025-09-04
Denver, CO	Length	143.68	in	2025-08-22
Charlotte, NC	Velocity	111.16	MPH	2025-11-22
San Antonio, TX	Velocity	38.82	MPH	2025-04-17
Washington, DC	Length	145.55	in	2025-04-18
Portland, OR	Length	103.32	in	2025-09-11
Fort Worth, TX	Velocity	141.65	MPH	2025-02-24
Indianapolis, IN	Temperature	93.28	F	2025-12-27
Baltimore, MD	Length	55.95	in	2025-02-01
Los Angeles, CA	Temperature	29.03	F	2025-01-13
Las Vegas, NV	Length	143.66	in	2025-03-20
Charlotte, NC	Distance	3.08	ft	2025-12-05
Chicago, IL	Distance	32.40	ft	2025-07-02
Houston, TX	Length	15.66	in	2025-12-20
Baltimore, MD	Temperature	123.97	F	2025-01-24
Nashville, TN	Length	103.30	in	2025-07-26
Columbus, OH	Temperature	110.80	F	2025-11-12
New York, NY	Temperature	128.43	F	2025-01-21
Detroit, MI	Distance	145.90	ft	2025-08-04
Denver, CO	Length	75.15	in	2025-04-28
Chicago, IL	Velocity	60.21	MPH	2025-06-19
Indianapolis, IN	Velocity	57.91	MPH	2025-04-08
Jacksonville, FL	Distance	45.45	ft	2025-08-01
Las Vegas, NV	Distance	103.76	ft	2025-10-20
Austin, TX	Length	46.54	in	2025-04-15
Louisville, KY	Temperature	84.93	F	2025-12-11
Oklahoma City, OK	Length	12.04	in	2025-01-25
Detroit, MI	Distance	128.91	ft	2025-03-19
Portland, OR	Length	144.10	in	2025-01-13
Seattle, WA	Velocity	17.79	MPH	2025-07-20
Indianapolis, IN	Velocity	59.72	MPH	2025-08-14
El Paso, TX	Temperature	9.09	F	2025-02-01
Boston, MA	Temperature	128.36	F	2025-12-25
