Louisville, KY	Velocity	50.31	MPH	2025-05-15
Dallas, TX	Velocity	42.23	MPH	2025-10-22
Boston, MA	Length	139.02	in	2025-09-07
San Jose, CA	Temperature	40.10	F	2025-04-06
Austin, TX	Length	121.88	in	2025-11-07
Houston, TX	Temperature	92.17	F	2025-05-07
Fort Worth, TX	Temperature	12.02	F	2025-03-11
Dallas, TX	Length	125.61	in	2025-07-21
Oklahoma City, OK	Length	10.49	in	2025-07-09
Philadelphia, PA	Length	39.65	in	2025-07-16
Portland, OR	Temperature	5.69	F	2025-02-06
Philadelphia, PA	Velocity	149.40	MPH	2025-05-24
Dallas, TX	Temperature	23.64	F	2025-01-24
Washington, DC	Distance	26.89	ft	2025-10-19
Nashville, TN	Length	68.01	in	2025-03-01
San Diego, CA	Velocity	62.96	MPH	2025-07-10
Jacksonville, FL	Length	86.78	in	2025-08-08
San Diego, CA	Temperature	126.12	F	2025-01-03
Austin, TX	Temperature	136.35	F	2025-06-04
Boston, MA	Velocity	80.75	MPH	2025-02-26
Los Angeles, CA	Temperature	107.69	F	2025-09-07
Memphis, TN	Length	50.35	in	2025-04-11
Denver, CO	Temperature	11.82	F	2025-07-15
El Paso, TX	Length	108.64	in	2025-07-28
Charlotte, NC	Velocity	122.07	MPH	2025-12-11
Portland, OR	Temperature	106.16	F	2025-10-20
Memphis, TN	Temperature	106.79	F	2025-03-06
Indianapolis, IN	Temperature	143.52	F	2025-07-02
San Diego, CA	Velocity	124.16	MPH	2025-01-01
Oklahoma City, OK	Velocity	7.25	MPH	2025-07-19
New York, NY	Distance	113.83	ft	2025-03-15
Fort Worth, TX	Temperature	34.04	F	2025-10-25
Oklahoma City, OK	Length	14.45	in	2025-04-11
Nashville, TN	Velocity	84.79	MPH	2025-03-21
San Diego, CA	Temperature	110.45	F	2025-10-10
Denver, CO	Length	85.47	in	2025-06-06
Portland, OR	Distance	102.69	ft	2025-07-25
Dallas, TX	Velocity	108.21	MPH	2025-06-18
Las Vegas, NV	Temperature	13.12	F	2025-08-21
Philadelphia, PA	Length	120.49	in	2025-11-13
San Antonio, TX	Length	16.85	in	2025-02-11
Houston, TX	Length	80.33	in	2025-05-28
Houston, TX	Temperature	121.84	F	2025-11-24
Phoenix, AZ	Distance	117.46	ft	2025-01-19
Los Angeles, CA	Temperature	15.29	F	2025-08-26
Columbus, OH	Temperature	122.20	F	2025-03-02
Phoenix, AZ	Length	13.44	in	2025-01-07
San Jose, CA	Length	109.46	in	2025-05-01
San Antonio, TX	Velocity	85.14	MPH	2025-12-27
Fort Worth, TX	Temperature	139.75	F	2025-01-21
Austin, TX	Velocity	59.31	MPH	2025-03-16
Memphis, TN	Temperature	63.57	F	2025-03-21
San Diego, CA	Velocity	123.90	MPH	2025-10-05
Austin, TX	Temperature	6.99	F	2025-03-08
San Antonio, TX	Length	18.45	in	2025-06-11
Fort Worth, TX	Velocity	61.62	MPH	2025-12-26
New York, NY	Length	143.46	in	2025-12-22
Charlotte, NC	Distance	8.83	ft	2025-04-07
Seattle, WA	Velocity	42.60	MPH	2025-11-28
Indianapolis, IN	Velocity	129.08	MPH	2025-09-19
San Diego, CA	Temperature	32.39	F	2025-04-25
San Jose, CA	Distance	100.70	ft	2025-05-12
Washington, DC	Velocity	35.63	MPH	2025-10-23
Denver, CO	Temperature	10.16	F	2025-05-18
Oklahoma City, OK	Distance	120.18	ft	2025-10-23
Houston, TX	Length	58.47	in	2025-11-13
San Diego, CA	Temperature	132.22	F	2025-12-14
Austin, TX	Velocity	31.07	MPH	2025-04-12
Austin, TX	Temperature	47.36	F	2025-09-25
Houston, TX	Temperature	106.19	F	2025-08-05
Las Vegas, NV	Velocity	51.50	MPH	2025-07-25
Los Angeles, CA	Velocity	9.55	MPH	2025-10-16
Phoenix, AZ	Velocity	80.14	MPH	2025-08-18
Nashville, TN	Length	59.31	in	2025-05-25
Chicago, IL	Velocity	96.76	MPH	2025-08-21
Nashville, TN	Length	42.20	in	2025-10-17
Seattle, WA	Length	89.09	in	2025-05-27
Phoenix, AZ	Distance	63.57	ft	2025-09-20
Boston, MA	Temperature	135.65	F	2025-06-15
Jacksonville, FL	Velocity	43.67	MPH	2025-02-08
Memphis, TN	Temperature	43.08	F	2025-10-04
Austin, TX	Velocity	68.57	MPH	2025-08-05
Jacksonville, FL	Length	44.83	in	2025-01-07
Jacksonville, FL	Length	45.61	in	2025-08-11
Las Vegas, NV	Length	44.31	in	2025-06-12
San Jose, CA	Length	54.60	in	2025-03-28
Dallas, TX	Length	81.67	in	2025-08-02
Washington, DC	Distance	77.43	ft	2025-06-02
San Antonio, TX	Temperature	64.04	F	2025-11-08
Washington, DC	Temperature	44.37	F	2025-11-08
San Antonio, TX	Distance	53.79	ft	2025-04-03
Chicago, IL	Length	59.07	in	2025-04-06
New York, NY	Distance	73.67	ft	2025-11-06
Chicago, IL	Distance	111.09	ft	2025-06-08
Chicago, IL	Velocity	43.67	MPH	2025-10-10
Louisville, KY	Length	2.27	in	2025-05-03
Philadelphia, PA	Distance	79.30	ft	2025-10-03
Denver, CO	Distance	126.76	ft	2025-01-08
Jacksonville, FL	Length	145.25	in	2025-04-18
El Paso, TX	Temperature	133.12	F	2025-08-21
Denver, CO	Distance	62.68	ft	2025-12-16
Phoenix, AZ	Distance	47.75	ft	2025-06-25
Denver, CO	Distance	54.05	ft	2025-09-20
Portland, OR	Length	115.98	in	2025-03-09
Memphis, TN	Distance	106.58	ft	2025-11-25
Los Angeles, CA	Velocity	14.89	MPH	2025-10-05
Seattle, WA	Length	148.38	in	2025-06-22
Boston, MA	Velocity	111.51	MPH	2025-10-15
Houston, TX	Distance	58.49	ft	2025-01-19
Chicago, IL	Temperature	38.32	F	2025-05-25
Detroit, MI	Temperature	60.24	F	2025-12-16
Columbus, OH	Distance	11.98	ft	2025-05-02
Indianapolis, IN	Velocity	47.14	MPH	2025-01-05
Los Angeles, CA	Distance	141.37	ft	2025-10-09
Houston, TX	Velocity	8.76	MPH	2025-06-05
Detroit, MI	Temperature	104.37	F	2025-10-02
Houston, TX	Temperature	140.44	F	2025-07-09
San Diego, CA	Length	27.49	in	2025-01-03
San Antonio, TX	Distance	68.40	ft	2025-04-27
Columbus, OH	Temperature	54.39	F	2025-07-15
Detroit, MI	Temperature	95.56	F	2025-04-17
Fort Worth, TX	Distance	128.14	ft	2025-12-11
San Francisco, CA	Length	92.19	in	2025-06-02
Columbus, OH	Length	93.81	in	2025-03-02
Austin, TX	Distance	11.13	ft	2025-01-03
Baltimore, MD	Length	7.04	in	2025-04-23
El Paso, TX	Velocity	71.66	MPH	2025-10-10
New York, NY	Temperature	116.62	F	2025-07-27
Boston, MA	Temperature	124.41	F	2025-07-03
Las Vegas, NV	Length	142.77	in	2025-08-06
Seattle, WA	Length	124.37	in	2025-10-24
Philadelphia, PA	Velocity	101.02	MPH	2025-04-15
Memphis, TN	Distance	147.36	ft	2025-02-23
Austin, TX	Velocity	5.04	MPH	2025-08-08
Memphis, TN	Velocity	129.57	MPH	2025-10-28
Dallas, TX	Length	106.44	in	2025-07-12
Memphis, TN	Temperature	141.38	F	2025-08-03
Louisville, KY	Distance	17.23	ft	2025-01-27
Austin, TX	Velocity	124.08	MPH	2025-10-03
Houston, TX	Velocity	110.29	MPH	2025-10-10
Detroit, MI	Velocity	80.20	MPH	2025-11-01
New York, NY	Distance	91.27	ft	2025-01-24
Indianapolis, IN	Length	124.60	in	2025-04-07
Phoenix, AZ	Velocity	141.26	MPH	2025-11-06
New York, NY	Velocity	88.84	MPH	2025-04-17
Los Angeles, CA	Temperature	121.59	F	2025-10-03
Dallas, TX	Velocity	89.18	MPH	2025-12-07
Philadelphia, PA	Distance	114.37	ft	2025-07-02
San Jose, CA	Distance	83.28	ft	2025-11-20
Jacksonville, FL	Velocity	87.18	MPH	2025-06-08
Las Vegas, NV	Temperature	13.92	F	2025-04-08
Oklahoma City, OK	Distance	56.83	ft	2025-10-22
Columbus, OH	Velocity	125.19	MPH	2025-05-18
Las Vegas, NV	Temperature	106.93	F	2025-02-22
Phoenix, AZ	Distance	143.61	ft	2025-10-01
Las Vegas, NV	Temperature	143.73	F	2025-01-13
Houston, TX	Distance	92.14	ft	2025-03-01
Portland, OR	Distance	120.61	ft	2025-07-19
Denver, CO	Distance	72.66	ft	2025-11-24
Columbus, OH	Length	100.74	in	2025-06-26
Philadelphia, PA	Length	12.46	in	2025-01-20
Las Vegas, NV	Velocity	149.88	MPH	2025-10-05
Philadelphia, PA	Length	117.67	in	2025-01-06
Portland, OR	Temperature	145.56	F	2025-04-15
Fort Worth, TX	Distance	135.55	ft	2025-06-17
Chicago, IL	Length	71.20	in	2025-03-09
Columbus, OH	Length	139.88	in	2025-04-19
San Jose, CA	Temperature	33.84	F	2025-11-21
Dallas, TX	Distance	99.87	ft	2025-12-25
Detroit, MI	Velocity	124.47	MPH	2025-05-20
Boston, MA	Temperature	37.05	F	2025-02-06
Indianapolis, IN	Temperature	72.09	F	2025-06-01
Phoenix, AZ	Velocity	66.02	MPH	2025-03-14
San Diego, CA	Temperature	77.42	F	2025-12-27
San Diego, CA	Velocity	90.30	MPH	2025-12-18
Baltimore, MD	Length	2.97	in	2025-09-07
Austin, TX	Temperature	88.09	F	2025-09-21
Portland, OR	Velocity	92.47	MPH	2025-04-12
Los Angeles, CA	Length	90.55	in	2025-06-17
Chicago, IL	Distance	8.20	ft	2025-11-01
Denver, CO	Velocity	99.77	MPH	2025-03-25
Detroit, MI	Length	81.43	in	2025-08-01
Boston, MA	Velocity	72.25	MPH	2025-10-25
Las Vegas, NV	Distance	133.93	ft	2025-04-14
Austin, TX	Temperature	144.97	F	2025-12-14
San Antonio, TX	Temperature	62.65	F	2025-09-20
Boston, MA	Length	31.03	in	2025-03-09
Las Vegas, NV	Distance	61.43	ft	2025-07-01
Los Angeles, CA	Distance	44.81	ft	2025-11-27
Jacksonville, FL	Velocity	85.60	MPH	2025-03-27
Phoenix, AZ	Length	148.98	in	2025-01-12
San Francisco, CA	Velocity	48.46	MPH	2025-10-03
Charlotte, NC	Length	71.11	in	2025-05-23
San Antonio, TX	Length	112.99	in	2025-12-22
Houston, TX	Temperature	53.76	F	2025-01-16
Los Angeles, CA	Length	107.55	in	2025-06-06
Seattle, WA	Velocity	144.47	MPH	2025-06-23
Portland, OR	Velocity	47.84	MPH	2025-01-28
Baltimore, MD	Distance	92.98	ft	2025-06-25
Phoenix, AZ	Temperature	119.07	F	2025-03-02
