Nashville, TN	Distance	131.14	ft	2025-05-08
San Diego, CA	Velocity	30.47	MPH	2025-07-09
San Antonio, TX	Distance	113.77	ft	2025-08-13
Dallas, TX	Temperature	13.43	F	2025-05-08
Las Vegas, NV	Temperature	9.85	F	2025-05-14
Jacksonville, FL	Length	60.79	in	2025-01-26
Memphis, TN	Length	78.51	in	2025-03-11
El Paso, TX	Velocity	145.16	MPH	2025-04-09
Chicago, IL	Velocity	23.60	MPH	2025-01-05
Charlotte, NC	Velocity	30.28	MPH	2025-02-15
San Diego, CA	Temperature	84.54	F	2025-06-17
Phoenix, AZ	Length	14.36	in	2025-09-08
Fort Worth, TX	Length	71.69	in	2025-07-16
Oklahoma City, OK	Temperature	96.47	F	2025-06-19
Charlotte, NC	Length	19.47	in	2025-06-27
San Antonio, TX	Velocity	30.72	MPH	2025-01-25
El Paso, TX	Velocity	76.67	MPH	2025-01-07
Las Vegas, NV	Length	63.50	in	2025-03-18
Jacksonville, FL	Length	1.19	in	2025-05-02
Las Vegas, NV	Distance	33.13	ft	2025-10-16
San Diego, CA	Temperature	81.22	F	2025-06-03
Nashville, TN	Length	108.78	in	2025-09-09
Philadelphia, PA	Length	49.44	in	2025-11-20
Chicago, IL	Distance	108.02	ft	2025-09-20
Fort Worth, TX	Velocity	1.82	MPH	2025-02-21
Louisville, KY	Length	73.76	in	2025-06-14
Las Vegas, NV	Distance	122.31	ft	2025-09-22
Denver, CO	Velocity	100.47	MPH	2025-07-10
Seattle, WA	Length	74.81	in	2025-02-14
Columbus, OH	Distance	86.18	ft	2025-11-06
El Paso, TX	Length	33.33	in	2025-09-28
Louisville, KY	Velocity	146.95	MPH	2025-06-03
Seattle, WA	Distance	11.86	ft	2025-02-08
Louisville, KY	Velocity	64.36	MPH	2025-02-24
Austin, TX	Temperature	47.55	F	2025-10-20
Columbus, OH	Velocity	104.17	MPH	2025-08-18
Indianapolis, IN	Temperature	53.72	F	2025-11-14
Denver, CO	Temperature	84.65	F	2025-12-22
Seattle, WA	Velocity	35.00	MPH	2025-06-05
Oklahoma City, OK	Temperature	88.46	F	2025-08-17
Memphis, TN	Length	8.27	in	2025-09-08
Baltimore, MD	Length	140.32	in	2025-05-19
San Antonio, TX	Velocity	48.50	MPH	2025-08-06
Boston, MA	Temperature	94.82	F	2025-03-28
Philadelphia, PA	Distance	70.51	ft	2025-06-12
San Jose, CA	Temperature	86.10	F	2025-10-24
Memphis, TN	Velocity	102.08	MPH	2025-09-15
San Diego, CA	Temperature	90.93	F	2025-11-27
Boston, MA	Length	92.93	in	2025-02-18
Fort Worth, TX	Length	16.97	in	2025-10-02
Chicago, IL	Length	149.95	in	2025-04-22
Austin, TX	Temperature	82.91	F	2025-10-17
Charlotte, NC	Distance	98.22	ft	2025-06-28
Philadelphia, PA	Velocity	99.65	MPH	2025-10-24
Washington, DC	Temperature	120.16	F	2025-08-16
Detroit, MI	Length	7.17	in	2025-05-06
New York, NY	Velocity	89.73	MPH	2025-08-27
Baltimore, MD	Temperature	112.15	F	2025-08-26
Chicago, IL	Velocity	68.17	MPH	2025-05-27
Memphis, TN	Length	28.83	in	2025-12-28
Detroit, MI	Distance	82.76	ft	2025-02-11
Portland, OR	Temperature	42.58	F	2025-04-25
Oklahoma City, OK	Distance	118.95	ft	2025-10-07
Philadelphia, PA	Temperature	99.39	F	2025-12-18
Denver, CO	Velocity	103.22	MPH	2025-11-11
Washington, DC	Velocity	142.67	MPH	2025-01-21
Oklahoma City, OK	Length	46.73	in	2025-08-21
Philadelphia, PA	Velocity	149.32	MPH	2025-02-22
Las Vegas, NV	Distance	38.53	ft	2025-03-11
Seattle, WA	Velocity	50.95	MPH	2025-09-08
Baltimore, MD	Length	16.60	in	2025-09-02
Indianapolis, IN	Distance	23.14	ft	2025-04-02
San Antonio, TX	Length	149.26	in	2025-03-03
Chicago, IL	Velocity	54.82	MPH	2025-06-08
Portland, OR	Velocity	78.09	MPH	2025-07-13
Jacksonville, FL	Velocity	90.14	MPH	2025-10-12
San Jose, CA	Temperature	82.22	F	2025-04-20
Chicago, IL	Velocity	69.87	MPH	2025-10-06
Austin, TX	Distance	136.05	ft	2025-09-01
Seattle, WA	Distance	103.52	ft	2025-02-05
Memphis, TN	Length	49.43	in	2025-09-15
Detroit, MI	Temperature	51.50	F	2025-01-14
Oklahoma City, OK	Length	107.19	in	2025-07-04
Columbus, OH	Length	94.22	in	2025-08-27
Denver, CO	Temperature	6.93	F	2025-06-06
Washington, DC	Distance	95.20	ft	2025-02-25
San Diego, CA	Temperature	104.99	F	2025-07-02
Austin, TX	Velocity	96.83	MPH	2025-02-11
Fort Worth, TX	Temperature	46.79	F	2025-06-13
San Diego, CA	Velocity	125.32	MPH	2025-09-22
Washington, DC	Velocity	148.64	MPH	2025-12-07
Detroit, MI	Velocity	70.76	MPH	2025-11-25
Houston, TX	Velocity	63.54	MPH	2025-09-23
Las Vegas, NV	Distance	8.18	ft	2025-03-25
New York, NY	Distance	116.16	ft	2025-05-28
San Francisco, CA	Distance	33.38	ft	2025-05-07
Jacksonville, FL	Temperature	138.54	F	2025-03-22
Washington, DC	Length	110.09	in	2025-10-21
Indianapolis, IN	Distance	68.53	ft	2025-08-27
Charlotte, NC	Length	101.43	in	2025-12-24
Louisville, KY	Distance	97.83	ft	2025-07-19
Las Vegas, NV	Velocity	145.47	MPH	2025-06-01
Denver, CO	Length	136.01	in	2025-07-13
San Jose, CA	Temperature	5.90	F	2025-06-07
Fort Worth, TX	Distance	31.05	ft	2025-08-09
Las Vegas, NV	Velocity	117.56	MPH	2025-04-11
San Antonio, TX	Length	117.17	in	2025-08-24
Portland, OR	Length	10.10	in	2025-04-12
Oklahoma City, OK	Length	5.01	in	2025-05-11
Portland, OR	Length	14.14	in	2025-08-06
Charlotte, NC	Temperature	32.30	F	2025-07-03
San Antonio, TX	Temperature	26.08	F	2025-05-10
Detroit, MI	Temperature	27.71	F	2025-07-22
Las Vegas, NV	Length	144.33	in	2025-04-06
Memphis, TN	Temperature	119.21	F	2025-10-14
New York, NY	Length	95.39	in	2025-12-08
Dallas, TX	Distance	53.23	ft	2025-10-25
Oklahoma City, OK	Distance	25.95	ft	2025-10-15
El Paso, TX	Temperature	148.26	F	2025-12-16
Portland, OR	Velocity	7.75	MPH	2025-12-12
San Francisco, CA	Length	2.00	in	2025-11-14
El Paso, TX	Distance	38.79	ft	2025-06-13
Houston, TX	Velocity	75.76	MPH	2025-03-14
Columbus, OH	Distance	10.29	ft	2025-05-05
Fort Worth, TX	Velocity	108.42	MPH	2025-01-12
Indianapolis, IN	Temperature	143.78	F	2025-01-12
Las Vegas, NV	Length	101.17	in	2025-03-15
San Francisco, CA	Length	43.86	in	2025-10-21
Boston, MA	Length	26.86	in	2025-05-01
Louisville, KY	Temperature	113.56	F	2025-08-26
San Jose, CA	Distance	148.75	ft	2025-06-02
Jacksonville, FL	Velocity	52.41	MPH	2025-10-23
Phoenix, AZ	Distance	10.29	ft	2025-08-05
Detroit, MI	Length	123.75	in	2025-12-09
New York, NY	Length	39.52	in	2025-08-01
Houston, TX	Distance	89.84	ft	2025-05-27
Austin, TX	Distance	146.54	ft	2025-10-27
Austin, TX	Temperature	40.04	F	2025-10-27
Memphis, TN	Temperature	149.40	F	2025-03-08
Memphis, TN	Velocity	16.79	MPH	2025-11-12
Detroit, MI	Length	111.80	in	2025-12-22
Columbus, OH	Temperature	63.29	F	2025-05-07
San Diego, CA	Distance	112.20	ft	2025-07-12
El Paso, TX	Temperature	80.71	F	2025-07-03
Memphis, TN	Distance	34.22	ft	2025-04-01
San Antonio, TX	Velocity	66.77	MPH	2025-03-08
Baltimore, MD	Velocity	81.50	MPH	2025-01-09
Houston, TX	Distance	128.70	ft	2025-04-14
Nashville, TN	Temperature	145.59	F	2025-12-08
Phoenix, AZ	Velocity	30.35	MPH	2025-01-20
San Jose, CA	Length	39.70	in	2025-07-06
Memphis, TN	Length	112.91	in	2025-12-07
San Jose, CA	Temperature	107.67	F	2025-08-20
Portland, OR	Temperature	116.44	F	2025-08-09
San Francisco, CA	Temperature	6.40	F	2025-02-24
Boston, MA	Temperature	112.76	F	2025-04-07
San Francisco, CA	Distance	23.94	ft	2025-07-12
Denver, CO	Velocity	10.08	MPH	2025-03-08
Houston, TX	Distance	38.76	ft	2025-09-03
Washington, DC	Distance	134.56	ft	2025-07-27
Boston, MA	Distance	129.02	ft	2025-05-02
Oklahoma City, OK	Distance	107.15	ft	2025-10-19
El Paso, TX	Temperature	21.85	F	2025-10-22
Las Vegas, NV	Length	118.97	in	2025-01-11
Detroit, MI	Distance	89.67	ft	2025-10-18
San Jose, CA	Velocity	107.97	MPH	2025-07-11
Denver, CO	Temperature	76.66	F	2025-06-20
Baltimore, MD	Length	28.35	in	2025-08-14
Austin, TX	Velocity	62.55	MPH	2025-10-06
San Francisco, CA	Velocity	87.50	MPH	2025-12-26
Chicago, IL	Velocity	26.78	MPH	2025-08-27
San Antonio, TX	Distance	49.16	ft	2025-09-05
Oklahoma City, OK	Velocity	62.24	MPH	2025-08-17
Washington, DC	Velocity	5.59	MPH	2025-07-27
Denver, CO	Temperature	118.20	F	2025-03-01
Indianapolis, IN	Distance	114.72	ft	2025-04-27
Louisville, KY	Temperature	86.54	F	2025-07-12
Louisville, KY	Distance	113.14	ft	2025-09-11
Memphis, TN	Length	99.14	in	2025-10-26
Oklahoma City, OK	Length	95.68	in	2025-10-04
Washington, DC	Velocity	31.62	MPH	2025-01-26
Jacksonville, FL	Length	147.17	in	2025-12-17
Chicago, IL	Temperature	69.45	F	2025-03-09
Los Angeles, CA	Distance	29.17	ft	2025-10-20
San Francisco, CA	Velocity	5.50	MPH	2025-01-19
Dallas, TX	Distance	139.27	ft	2025-01-28
Detroit, MI	Velocity	141.27	MPH	2025-08-21
Denver, CO	Velocity	98.10	MPH	2025-06-25
Columbus, OH	Velocity	89.29	MPH	2025-02-20
Baltimore, MD	Length	22.42	in	2025-04-17
Seattle, WA	Distance	95.62	ft	2025-09-26
Los Angeles, CA	Distance	139.64	ft	2025-11-28
Washington, DC	Velocity	54.10	MPH	2025-01-03
Las Vegas, NV	Velocity	41.63	MPH	2025-07-08
Philadelphia, PA	Temperature	106.22	F	2025-03-20
Jacksonville, FL	Length	144.42	in	2025-09-04
San Antonio, TX	Distance	76.13	ft	2025-05-16
Indianapolis, IN	Temperature	35.83	F	2025-09-18
Portland, OR	Temperature	20.91	F	2025-01-27
Seattle, WA	Distance	85.33	ft	2025-09-21
