Las Vegas, NV	Temperature	10.36	F	2025-12-27
Boston, MA	Velocity	26.20	MPH	2025-04-22
Houston, TX	Velocity	43.88	MPH	2025-11-08
Las Vegas, NV	Distance	89.05	ft	2025-05-18
Washington, DC	Velocity	11.25	MPH	2025-10-20
Jacksonville, FL	Velocity	9.73	MPH	2025-05-24
Washington, DC	Length	66.04	in	2025-08-22
San Francisco, CA	Temperature	61.97	F	2025-01-25
Las Vegas, NV	Length	127.35	in	2025-06-27
Nashville, TN	Distance	85.90	ft	2025-07-10
Seattle, WA	Length	37.27	in	2025-08-28
Denver, CO	Length	65.99	in	2025-02-28
El Paso, TX	Velocity	107.18	MPH	2025-08-08
Boston, MA	Velocity	8.61	MPH	2025-07-20
Phoenix, AZ	Velocity	129.54	MPH	2025-01-10
El Paso, TX	Velocity	106.43	MPH	2025-04-24
New York, NY	Temperature	97.44	F	2025-09-26
Washington, DC	Length	57.89	in	2025-11-05
San Francisco, CA	Length	50.77	in	2025-12-20
Columbus, OH	Velocity	125.99	MPH	2025-08-07
Nashville, TN	Length	57.26	in	2025-09-23
Las Vegas, NV	Length	88.48	in	2025-04-27
Washington, DC	Length	29.53	in	2025-11-07
Detroit, MI	Temperature	27.05	F	2025-06-28
Houston, TX	Length	142.24	in	2025-11-03
San Antonio, TX	Temperature	71.79	F	2025-12-05
El Paso, TX	Velocity	18.49	MPH	2025-11-22
Seattle, WA	Length	107.62	in	2025-03-04
Phoenix, AZ	Distance	57.80	ft	2025-11-05
Oklahoma City, OK	Length	87.75	in	2025-05-13
New York, NY	Velocity	57.51	MPH	2025-07-05
Indianapolis, IN	Distance	142.43	ft	2025-11-25
San Antonio, TX	Velocity	38.67	MPH	2025-05-19
Boston, MA	Distance	15.51	ft	2025-03-11
Memphis, TN	Distance	139.99	ft	2025-04-14
San Antonio, TX	Temperature	118.87	F	2025-11-13
Baltimore, MD	Temperature	93.62	F	2025-02-08
Baltimore, MD	Distance	35.41	ft	2025-06-09
Los Angeles, CA	Temperature	29.87	F	2025-08-22
Columbus, OH	Length	70.33	in	2025-01-16
Boston, MA	Temperature	90.77	F	2025-05-04
Washington, DC	Distance	38.50	ft	2025-07-25
San Francisco, CA	Temperature	44.94	F	2025-06-06
Boston, MA	Velocity	39.49	MPH	2025-01-02
Detroit, MI	Distance	68.70	ft	2025-05-11
San Diego, CA	Velocity	20.19	MPH	2025-10-23
San Antonio, TX	Velocity	20.28	MPH	2025-11-10
Washington, DC	Temperature	101.21	F	2025-05-07
Nashville, TN	Velocity	127.24	MPH	2025-10-27
Baltimore, MD	Length	24.91	in	2025-11-22
Boston, MA	Length	1.50	in	2025-11-08
El Paso, TX	Distance	8.48	ft	2025-04-19
Memphis, TN	Temperature	34.77	F	2025-04-02
Chicago, IL	Temperature	114.63	F	2025-08-12
Oklahoma City, OK	Distance	31.88	ft	2025-11-27
Boston, MA	Length	70.90	in	2025-09-18
San Antonio, TX	Distance	71.99	ft	2025-02-26
Columbus, OH	Temperature	68.94	F	2025-06-18
Charlotte, NC	Velocity	17.04	MPH	2025-11-09
San Francisco, CA	Length	113.13	in	2025-05-07
Dallas, TX	Temperature	17.32	F	2025-09-05
Jacksonville, FL	Length	141.55	in	2025-06-26
Phoenix, AZ	Velocity	123.32	MPH	2025-08-06
Indianapolis, IN	Temperature	135.34	F	2025-01-08
Washington, DC	Velocity	70.65	MPH	2025-06-06
Las Vegas, NV	Temperature	108.95	F	2025-08-23
Philadelphia, PA	Temperature	79.20	F	2025-04-26
Chicago, IL	Temperature	50.94	F	2025-01-14
Washington, DC	Velocity	118.50	MPH	2025-04-10
Houston, TX	Distance	77.62	ft	2025-07-13
San Francisco, CA	Velocity	32.87	MPH	2025-12-20
Oklahoma City, OK	Temperature	137.29	F	2025-05-17
El Paso, TX	Length	111.11	in	2025-07-17
Oklahoma City, OK	Length	91.41	in	2025-05-24
Austin, TX	Distance	53.56	ft	2025-02-17
San Diego, CA	Velocity	112.23	MPH	2025-05-08
Los Angeles, CA	Temperature	73.88	F	2025-04-22
El Paso, TX	Distance	48.87	ft	2025-08-23
New York, NY	Distance	109.11	ft	2025-02-11
Dallas, TX	Length	120.14	in	2025-08-26
Nashville, TN	Length	95.38	in	2025-08-01
Seattle, WA	Temperature	39.89	F	2025-03-22
Detroit, MI	Distance	20.96	ft	2025-12-22
Phoenix, AZ	Length	61.21	in	2025-08-22
Oklahoma City, OK	Velocity	67.14	MPH	2025-04-13
Philadelphia, PA	Length	115.98	in	2025-10-17
Las Vegas, NV	Temperature	79.05	F	2025-03-19
Houston, TX	Length	134.25	in	2025-10-05
Nashville, TN	Distance	42.62	ft	2025-05-22
Las Vegas, NV	Length	130.99	in	2025-02-03
Nashville, TN	Temperature	133.38	F	2025-06-21
Dallas, TX	Temperature	7.39	F	2025-10-28
Detroit, MI	Length	18.30	in	2025-08-19
Nashville, TN	Length	112.09	in	2025-06-27
Fort Worth, TX	Temperature	75.49	F	2025-12-11
San Francisco, CA	Temperature	20.13	F	2025-01-17
New York, NY	Distance	55.61	ft	2025-02-03
Seattle, WA	Distance	139.37	ft	2025-01-05
Chicago, IL	Temperature	63.06	F	2025-11-11
Philadelphia, PA	Velocity	8.20	MPH	2025-11-27
Austin, TX	Distance	89.73	ft	2025-09-06
Jacksonville, FL	Temperature	37.43	F	2025-09-24
Dallas, TX	Distance	9.63	ft	2025-11-10
Indianapolis, IN	Distance	8.93	ft	2025-03-22
Charlotte, NC	Distance	101.79	ft	2025-03-03
Memphis, TN	Distance	104.79	ft	2025-03-28
Indianapolis, IN	Temperature	110.53	F	2025-10-17
Charlotte, NC	Temperature	144.08	F	2025-07-08
New York, NY	Velocity	106.08	MPH	2025-08-15
Fort Worth, TX	Temperature	119.00	F	2025-08-01
Los Angeles, CA	Temperature	82.63	F	2025-05-26
Louisville, KY	Distance	133.79	ft	2025-03-26
Baltimore, MD	Temperature	46.27	F	2025-06-15
Baltimore, MD	Velocity	16.12	MPH	2025-05-03
Columbus, OH	Length	20.22	in	2025-08-25
San Jose, CA	Velocity	118.02	MPH	2025-01-25
New York, NY	Distance	6.74	ft	2025-02-19
New York, NY	Temperature	98.27	F	2025-04-21
Boston, MA	Temperature	24.93	F	2025-04-07
Nashville, TN	Distance	131.26	ft	2025-10-19
Fort Worth, TX	Length	94.47	in	2025-05-22
Seattle, WA	Temperature	40.93	F	2025-11-17
Austin, TX	Velocity	56.69	MPH	2025-02-08
San Antonio, TX	Distance	75.68	ft	2025-01-23
Chicago, IL	Velocity	135.05	MPH	2025-01-27
San Antonio, TX	Length	117.52	in	2025-04-11
Las Vegas, NV	Temperature	49.04	F	2025-07-10
Washington, DC	Length	8.49	in	2025-05-06
Memphis, TN	Distance	89.43	ft	2025-06-12
Oklahoma City, OK	Velocity	39.33	MPH	2025-07-12
San Jose, CA	Temperature	95.22	F	2025-10-14
New York, NY	Velocity	110.02	MPH	2025-08-09
New York, NY	Velocity	22.74	MPH	2025-10-05
San Francisco, CA	Temperature	61.38	F	2025-05-13
Nashville, TN	Distance	77.67	ft	2025-08-06
Nashville, TN	Velocity	43.23	MPH	2025-02-17
Portland, OR	Temperature	116.37	F	2025-12-07
Boston, MA	Length	138.13	in	2025-07-19
Los Angeles, CA	Temperature	122.08	F	2025-12-15
San Jose, CA	Length	91.43	in	2025-07-25
Philadelphia, PA	Length	135.39	in	2025-08-27
Houston, TX	Length	127.88	in	2025-07-28
Dallas, TX	Temperature	120.53	F	2025-08-04
Indianapolis, IN	Length	138.83	in	2025-08-04
Los Angeles, CA	Temperature	99.75	F	2025-10-23
Austin, TX	Temperature	80.19	F	2025-05-27
Austin, TX	Length	91.33	in	2025-03-04
Charlotte, NC	Velocity	36.78	MPH	2025-12-21
Oklahoma City, OK	Velocity	3.59	MPH	2025-12-03
Columbus, OH	Length	11.42	in	2025-06-08
Phoenix, AZ	Velocity	125.09	MPH	2025-03-10
Washington, DC	Length	45.87	in	2025-11-15
Las Vegas, NV	Length	92.00	in	2025-08-08
Nashville, TN	Distance	103.22	ft	2025-03-21
San Francisco, CA	Temperature	38.81	F	2025-11-10
Philadelphia, PA	Temperature	68.84	F	2025-05-12
San Jose, CA	Temperature	96.87	F	2025-04-28
Fort Worth, TX	Temperature	141.76	F	2025-06-24
San Francisco, CA	Distance	90.58	ft	2025-05-05
El Paso, TX	Temperature	136.54	F	2025-07-07
Indianapolis, IN	Length	73.76	in	2025-03-09
Houston, TX	Length	18.41	in	2025-07-21
Louisville, KY	Distance	15.51	ft	2025-05-14
Jacksonville, FL	Length	5.02	in	2025-08-14
San Francisco, CA	Velocity	94.28	MPH	2025-01-27
Houston, TX	Distance	9.66	ft	2025-02-10
Boston, MA	Distance	134.43	ft	2025-03-22
Boston, MA	Length	67.86	in	2025-11-01
Chicago, IL	Temperature	63.41	F	2025-09-12
Boston, MA	Length	134.39	in	2025-08-12
Boston, MA	Distance	117.64	ft	2025-01-20
Chicago, IL	Velocity	25.67	MPH	2025-11-06
Louisville, KY	Temperature	10.26	F	2025-12-14
Washington, DC	Temperature	44.48	F	2025-01-03
Dallas, TX	Velocity	9.64	MPH	2025-09-22
Charlotte, NC	Distance	140.98	ft	2025-01-01
Charlotte, NC	Distance	74.17	ft	2025-12-02
Houston, TX	Temperature	123.16	F	2025-06-25
Nashville, TN	Velocity	0.03	MPH	2025-03-17
Baltimore, MD	Length	41.44	in	2025-10-12
Dallas, TX	Temperature	93.10	F	2025-06-16
San Jose, CA	Temperature	6.80	F	2025-04-02
Boston, MA	Distance	112.64	ft	2025-06-11
Detroit, MI	Temperature	91.42	F	2025-08-01
Dallas, TX	Velocity	57.90	MPH	2025-08-13
San Jose, CA	Distance	134.33	ft	2025-06-16
Louisville, KY	Length	4.26	in	2025-09-09
Columbus, OH	Temperature	75.26	F	2025-12-23
San Jose, CA	Temperature	77.18	F	2025-08-05
Memphis, TN	Temperature	33.05	F	2025-07-16
New York, NY	Temperature	64.84	F	2025-07-01
El Paso, TX	Distance	4.01	ft	2025-07-03
Phoenix, AZ	Distance	23.38	ft	2025-06-02
Los Angeles, CA	Distance	143.40	ft	2025-06-10
Columbus, OH	Temperature	44.92	F	2025-03-09
Portland, OR	Velocity	126.69	MPH	2025-01-28
Charlotte, NC	Velocity	63.52	MPH	2025-12-09
Austin, TX	Temperature	141.94	F	2025-03-12
Indianapolis, IN	Distance	54.45	ft	2025-05-19
Houston, TX	Length	127.83	in	2025-04-13
