Chicago, IL	Length	80.33	in	2025-08-11
Houston, TX	Velocity	5.43	MPH	2025-06-17
Columbus, OH	Temperature	24.56	F	2025-09-06
Detroit, MI	Length	67.03	in	2025-03-24
Portland, OR	Temperature	135.16	F	2025-08-19
Fort Worth, TX	Temperature	30.16	F	2025-04-24
Charlotte, NC	Temperature	121.88	F	2025-05-14
Denver, CO	Velocity	28.43	MPH	2025-01-27
San Francisco, CA	Velocity	14.95	MPH	2025-09-18
San Jose, CA	Length	125.39	in	2025-07-12
San Antonio, TX	Velocity	98.10	MPH	2025-11-01
Columbus, OH	Length	45.88	in	2025-12-26
El Paso, TX	Distance	3.22	ft	2025-06-24
Baltimore, MD	Distance	140.01	ft	2025-12-24
Las Vegas, NV	Distance	130.92	ft	2025-07-24
Chicago, IL	Length	149.95	in	2025-04-03
Nashville, TN	Distance	101.00	ft	2025-06-15
El Paso, TX	Distance	148.36	ft	2025-05-19
Los Angeles, CA	Length	80.60	in	2025-02-28
Houston, TX	Length	67.59	in	2025-11-21
Washington, DC	Temperature	142.72	F	2025-11-14
Jacksonville, FL	Distance	98.01	ft	2025-05-23
Indianapolis, IN	Temperature	140.07	F	2025-10-10
Indianapolis, IN	Velocity	65.00	MPH	2025-11-13
Indianapolis, IN	Velocity	124.86	MPH	2025-05-23
San Antonio, TX	Velocity	36.68	MPH	2025-07-16
Memphis, TN	Velocity	2.22	MPH	2025-06-04
Seattle, WA	Velocity	137.88	MPH	2025-08-13
Houston, TX	Velocity	39.20	MPH	2025-12-14
Charlotte, NC	Length	101.02	in	2025-01-15
Baltimore, MD	Length	98.53	in	2025-09-15
Washington, DC	Temperature	71.21	F	2025-02-19
Houston, TX	Length	57.56	in	2025-08-02
Baltimore, MD	Length	145.28	in	2025-03-21
Los Angeles, CA	Velocity	139.14	MPH	2025-10-13
Phoenix, AZ	Distance	146.52	ft	2025-10-09
Louisville, KY	Length	104.64	in	2025-05-14
Oklahoma City, OK	Length	12.14	in	2025-06-08
Nashville, TN	Velocity	23.39	MPH	2025-05-06
Austin, TX	Distance	121.12	ft	2025-10-27
Philadelphia, PA	Velocity	61.72	MPH	2025-10-25
San Diego, CA	Temperature	134.53	F	2025-04-04
Phoenix, AZ	Distance	115.57	ft	2025-03-03
Austin, TX	Length	106.02	in	2025-09-23
Nashville, TN	Temperature	141.09	F	2025-07-05
San Antonio, TX	Temperature	66.91	F	2025-12-06
Houston, TX	Length	141.86	in	2025-05-01
Jacksonville, FL	Distance	44.94	ft	2025-07-21
Seattle, WA	Velocity	84.41	MPH	2025-01-22
Seattle, WA	Length	5.42	in	2025-03-11
Portland, OR	Distance	4.60	ft	2025-06-14
Charlotte, NC	Length	4.69	in	2025-04-27
Columbus, OH	Temperature	96.88	F	2025-10-02
Jacksonville, FL	Temperature	147.57	F	2025-06-02
Dallas, TX	Temperature	84.17	F	2025-12-15
San Diego, CA	Temperature	14.89	F	2025-02-15
San Antonio, TX	Length	112.14	in	2025-11-01
Las Vegas, NV	Distance	11.03	ft	2025-06-02
Louisville, KY	Distance	68.16	ft	2025-07-26
Phoenix, AZ	Velocity	111.02	MPH	2025-03-24
Washington, DC	Length	82.47	in	2025-03-04
San Jose, CA	Distance	133.45	ft	2025-10-03
Los Angeles, CA	Length	134.14	in	2025-10-26
Seattle, WA	Length	74.61	in	2025-11-04
Louisville, KY	Temperature	111.08	F	2025-01-08
Oklahoma City, OK	Distance	35.38	ft	2025-04-07
Fort Worth, TX	Length	64.75	in	2025-09-09
San Antonio, TX	Velocity	28.14	MPH	2025-01-03
Austin, TX	Distance	147.63	ft	2025-05-01
Charlotte, NC	Distance	87.11	ft	2025-08-12
New York, NY	Velocity	0.79	MPH	2025-06-07
Jacksonville, FL	Temperature	55.14	F	2025-12-07
Washington, DC	Length	52.76	in	2025-01-06
El Paso, TX	Temperature	92.85	F	2025-09-16
San Antonio, TX	Velocity	97.77	MPH	2025-06-17
Los Angeles, CA	Distance	108.75	ft	2025-08-17
Charlotte, NC	Temperature	0.02	F	2025-10-22
San Antonio, TX	Velocity	105.37	MPH	2025-10-09
Memphis, TN	Temperature	27.91	F	2025-12-09
El Paso, TX	Distance	97.44	ft	2025-10-15
Portland, OR	Velocity	75.60	MPH	2025-06-10
Memphis, TN	Distance	60.51	ft	2025-04-09
Fort Worth, TX	Temperature	128.77	F	2025-03-05
Charlotte, NC	Distance	32.16	ft	2025-07-02
Phoenix, AZ	Distance	30.51	ft	2025-04-09
San Francisco, CA	Velocity	127.85	MPH	2025-05-18
Louisville, KY	Distance	137.87	ft	2025-01-18
San Antonio, TX	Temperature	125.52	F	2025-06-20
El Paso, TX	Velocity	99.72	MPH	2025-01-08
Austin, TX	Velocity	49.30	MPH	2025-08-04
Jacksonville, FL	Velocity	65.86	MPH	2025-09-02
Boston, MA	Velocity	124.88	MPH	2025-05-27
Detroit, MI	Length	135.67	in	2025-09-17
Phoenix, AZ	Distance	35.29	ft	2025-08-27
Memphis, TN	Velocity	28.19	MPH	2025-06-27
Austin, TX	Temperature	139.10	F	2025-03-23
Nashville, TN	Length	75.73	in	2025-08-26
Indianapolis, IN	Velocity	72.01	MPH	2025-06-03
San Antonio, TX	Length	125.20	in	2025-08-14
Charlotte, NC	Distance	130.29	ft	2025-01-25
Louisville, KY	Temperature	83.95	F	2025-09-02
Seattle, WA	Velocity	70.24	MPH	2025-02-16
Fort Worth, TX	Velocity	134.64	MPH	2025-11-27
San Jose, CA	Length	81.25	in	2025-07-13
Austin, TX	Temperature	49.08	F	2025-02-05
New York, NY	Velocity	126.00	MPH	2025-02-19
Baltimore, MD	Length	78.25	in	2025-04-13
Phoenix, AZ	Distance	52.32	ft	2025-02-02
Denver, CO	Length	30.68	in	2025-05-21
Louisville, KY	Length	0.42	in	2025-11-18
Columbus, OH	Distance	39.29	ft	2025-01-16
San Francisco, CA	Length	3.34	in	2025-12-03
Columbus, OH	Velocity	27.63	MPH	2025-10-10
Oklahoma City, OK	Length	105.34	in	2025-06-14
Phoenix, AZ	Temperature	102.54	F	2025-08-27
Washington, DC	Velocity	69.65	MPH	2025-06-02
New York, NY	Distance	63.76	ft	2025-02-24
Fort Worth, TX	Distance	98.79	ft	2025-06-07
Las Vegas, NV	Distance	101.63	ft	2025-06-05
Indianapolis, IN	Temperature	26.77	F	2025-02-28
Oklahoma City, OK	Distance	50.20	ft	2025-07-11
Denver, CO	Length	149.80	in	2025-02-27
Austin, TX	Length	113.04	in	2025-07-08
Houston, TX	Temperature	138.88	F	2025-12-12
Oklahoma City, OK	Temperature	134.25	F	2025-06-28
Philadelphia, PA	Length	43.42	in	2025-08-01
Portland, OR	Velocity	40.54	MPH	2025-10-16
Houston, TX	Velocity	34.78	MPH	2025-02-14
Louisville, KY	Velocity	17.33	MPH	2025-12-05
Indianapolis, IN	Temperature	60.59	F	2025-10-13
Oklahoma City, OK	Velocity	122.40	MPH	2025-12-28
Detroit, MI	Distance	81.85	ft	2025-03-21
San Antonio, TX	Length	12.67	in	2025-10-16
Austin, TX	Temperature	83.76	F	2025-09-27
Phoenix, AZ	Length	41.95	in	2025-02-13
Baltimore, MD	Velocity	56.55	MPH	2025-12-08
Nashville, TN	Velocity	0.47	MPH	2025-07-10
San Antonio, TX	Length	81.75	in	2025-04-11
Indianapolis, IN	Length	125.39	in	2025-10-25
Las Vegas, NV	Temperature	122.97	F	2025-09-27
Boston, MA	Velocity	143.75	MPH	2025-07-09
Dallas, TX	Temperature	133.59	F	2025-02-12
Columbus, OH	Distance	22.62	ft	2025-02-05
Memphis, TN	Velocity	83.13	MPH	2025-02-25
Los Angeles, CA	Length	96.88	in	2025-02-20
Austin, TX	Velocity	69.02	MPH	2025-01-24
San Francisco, CA	Temperature	74.98	F	2025-04-19
Dallas, TX	Distance	63.79	ft	2025-01-17
Chicago, IL	Distance	71.45	ft	2025-02-15
Detroit, MI	Temperature	113.34	F	2025-11-11
Jacksonville, FL	Distance	101.92	ft	2025-08-02
New York, NY	Temperature	0.96	F	2025-12-20
Los Angeles, CA	Distance	6.57	ft	2025-06-17
Indianapolis, IN	Distance	113.45	ft	2025-10-24
San Antonio, TX	Length	92.39	in	2025-09-12
San Jose, CA	Temperature	48.85	F	2025-10-17
Charlotte, NC	Temperature	42.74	F	2025-06-27
Washington, DC	Length	49.98	in	2025-08-17
Portland, OR	Temperature	39.58	F	2025-12-02
Fort Worth, TX	Velocity	63.86	MPH	2025-08-01
Columbus, OH	Length	100.08	in	2025-12-18
Dallas, TX	Temperature	116.72	F	2025-01-19
Oklahoma City, OK	Velocity	78.98	MPH	2025-03-18
Indianapolis, IN	Temperature	46.38	F	2025-07-09
Phoenix, AZ	Length	116.20	in	2025-04-04
San Jose, CA	Distance	20.20	ft	2025-02-25
Memphis, TN	Velocity	36.17	MPH	2025-08-15
Austin, TX	Length	10.65	in	2025-03-02
Boston, MA	Length	10.67	in	2025-09-26
Detroit, MI	Velocity	111.27	MPH	2025-04-03
Boston, MA	Temperature	45.90	F	2025-04-24
Fort Worth, TX	Temperature	102.62	F	2025-06-04
Denver, CO	Length	83.84	in	2025-07-10
Austin, TX	Velocity	136.49	MPH	2025-07-18
Washington, DC	Length	115.36	in	2025-04-09
Portland, OR	Distance	61.63	ft	2025-10-06
Las Vegas, NV	Distance	42.78	ft	2025-07-23
Louisville, KY	Temperature	73.55	F	2025-05-19
Houston, TX	Length	56.56	in	2025-11-25
Baltimore, MD	Temperature	89.00	F	2025-02-03
San Diego, CA	Length	106.54	in	2025-08-06
Baltimore, MD	Length	73.18	in	2025-07-14
Oklahoma City, OK	Temperature	2.89	F	2025-11-16
Houston, TX	Velocity	21.41	MPH	2025-01-18
Detroit, MI	Temperature	46.70	F	2025-09-13
Chicago, IL	Distance	78.63	ft	2025-01-14
Jacksonville, FL	Velocity	148.22	MPH	2025-04-17
Fort Worth, TX	Temperature	41.53	F	2025-08-14
Jacksonville, FL	Distance	134.79	ft	2025-10-25
Las Vegas, NV	Length	121.21	in	2025-09-26
Philadelphia, PA	Length	143.17	in	2025-02-16
Portland, OR	Temperature	69.11	F	2025-02-09
Boston, MA	Velocity	65.83	MPH	2025-02-03
Charlotte, NC	Distance	74.43	ft	2025-09-12
Denver, CO	Length	122.22	in	2025-06-25
New York, NY	Temperature	134.94	F	2025-12-12
Austin, TX	Temperature	140.62	F	2025-04-16
Los Angeles, CA	Length	122.76	in	2025-10-13
San Antonio, TX	Length	117.29	in	2025-02-23
Columbus, OH	Temperature	86.18	F	2025-07-25
