Baltimore, MD	Velocity	76.99	MPH	2025-02-14
Charlotte, NC	Velocity	113.78	MPH	2025-08-25
Memphis, TN	Length	13.92	in	2025-04-11
Chicago, IL	Temperature	96.05	F	2025-05-04
Houston, TX	Velocity	71.84	MPH	2025-12-01
Las Vegas, NV	Distance	138.93	ft	2025-08-27
Denver, CO	Velocity	141.59	MPH	2025-08-08
Baltimore, MD	Velocity	129.00	MPH	2025-06-22
Las Vegas, NV	Length	37.27	in	2025-12-27
San Jose, CA	Length	101.90	in	2025-09-18
Baltimore, MD	Distance	3.35	ft	2025-12-04
San Francisco, CA	Temperature	24.92	F	2025-06-07
El Paso, TX	Velocity	17.70	MPH	2025-04-20
Los Angeles, CA	Temperature	23.23	F	2025-11-05
Fort Worth, TX	Velocity	51.12	MPH	2025-02-10
Philadelphia, PA	Distance	122.29	ft	2025-04-20
Los Angeles, CA	Velocity	84.41	MPH	2025-11-08
Columbus, OH	Distance	52.50	ft	2025-10-06
Los Angeles, CA	Length	138.01	in	2025-10-02
Houston, TX	Temperature	67.98	F	2025-11-15
Philadelphia, PA	Velocity	62.97	MPH	2025-07-25
Denver, CO	Length	42.64	in	2025-01-13
Louisville, KY	Distance	62.41	ft	2025-01-26
Philadelphia, PA	Velocity	102.92	MPH	2025-06-03
Nashville, TN	Temperature	9.51	F	2025-11-28
Las Vegas, NV	Length	89.01	in	2025-11-28
Austin, TX	Temperature	112.30	F	2025-10-19
Phoenix, AZ	Velocity	32.36	MPH	2025-08-24
Oklahoma City, OK	Length	50.02	in	2025-08-23
Denver, CO	Length	106.92	in	2025-10-24
San Antonio, TX	Length	60.99	in	2025-08-18
Boston, MA	Distance	74.04	ft	2025-04-17
Louisville, KY	Temperature	9.27	F	2025-11-01
Memphis, TN	Velocity	137.39	MPH	2025-10-05
Fort Worth, TX	Temperature	89.35	F	2025-03-14
San Jose, CA	Velocity	62.31	MPH	2025-10-03
Charlotte, NC	Velocity	2.14	MPH	2025-12-10
Detroit, MI	Temperature	114.64	F	2025-12-08
New York, NY	Length	113.53	in	2025-05-12
Seattle, WA	Velocity	0.64	MPH	2025-02-06
Charlotte, NC	Temperature	123.83	F	2025-06-01
Columbus, OH	Distance	118.86	ft	2025-10-02
Charlotte, NC	Length	97.98	in	2025-05-20
Fort Worth, TX	Distance	92.98	ft	2025-06-23
Detroit, MI	Velocity	119.29	MPH	2025-01-06
Dallas, TX	Length	139.17	in	2025-10-06
Phoenix, AZ	Distance	104.16	ft	2025-07-21
Los Angeles, CA	Temperature	4.28	F	2025-04-17
Boston, MA	Distance	65.19	ft	2025-02-05
Austin, TX	Velocity	134.65	MPH	2025-12-23
Memphis, TN	Velocity	29.59	MPH	2025-07-10
San Diego, CA	Temperature	0.70	F	2025-12-12
San Diego, CA	Velocity	130.71	MPH	2025-08-24
Boston, MA	Distance	51.81	ft	2025-12-27
Boston, MA	Temperature	24.31	F	2025-08-10
Indianapolis, IN	Length	87.96	in	2025-05-20
Columbus, OH	Velocity	102.65	MPH	2025-08-23
Washington, DC	Velocity	135.77	MPH	2025-06-16
Chicago, IL	Distance	13.68	ft	2025-09-07
Denver, CO	Temperature	103.29	F	2025-06-02
Austin, TX	Length	69.94	in	2025-11-27
Oklahoma City, OK	Temperature	100.29	F	2025-02-18
Dallas, TX	Velocity	134.88	MPH	2025-05-26
Nashville, TN	Distance	145.17	ft	2025-09-16
Chicago, IL	Temperature	54.34	F	2025-09-20
Portland, OR	Length	114.09	in	2025-12-07
Indianapolis, IN	Distance	30.04	ft	2025-02-03
New York, NY	Temperature	37.22	F	2025-11-14
San Diego, CA	Velocity	78.61	MPH	2025-03-09
Louisville, KY	Temperature	31.25	F	2025-03-15
Fort Worth, TX	Length	2.05	in	2025-06-22
Austin, TX	Velocity	48.91	MPH	2025-01-12
Seattle, WA	Distance	58.82	ft	2025-12-01
Dallas, TX	Distance	49.31	ft	2025-07-13
Fort Worth, TX	Temperature	94.32	F	2025-02-18
San Antonio, TX	Velocity	31.56	MPH	2025-06-03
Indianapolis, IN	Distance	113.17	ft	2025-06-20
Fort Worth, TX	Velocity	96.81	MPH	2025-02-18
San Jose, CA	Length	94.77	in	2025-02-10
Los Angeles, CA	Distance	31.34	ft	2025-06-15
New York, NY	Velocity	105.69	MPH	2025-04-04
Fort Worth, TX	Distance	15.91	ft	2025-02-01
Oklahoma City, OK	Length	31.90	in	2025-09-01
Washington, DC	Length	60.50	in	2025-05-20
Denver, CO	Distance	46.67	ft	2025-11-10
Los Angeles, CA	Velocity	82.51	MPH	2025-03-05
Fort Worth, TX	Temperature	113.48	F	2025-02-25
El Paso, TX	Temperature	86.03	F	2025-12-12
San Antonio, TX	Temperature	42.11	F	2025-06-06
Louisville, KY	Velocity	59.92	MPH	2025-11-05
Baltimore, MD	Distance	36.99	ft	2025-11-27
Columbus, OH	Distance	115.62	ft	2025-03-25
Boston, MA	Velocity	22.39	MPH	2025-12-08
Austin, TX	Temperature	46.20	F	2025-07-19
Philadelphia, PA	Distance	41.72	ft	2025-12-09
Phoenix, AZ	Length	45.15	in	2025-02-03
Indianapolis, IN	Length	63.19	in	2025-09-24
Louisville, KY	Velocity	79.39	MPH	2025-04-14
Philadelphia, PA	Length	45.34	in	2025-10-27
Los Angeles, CA	Velocity	23.55	MPH	2025-08-19
Philadelphia, PA	Distance	96.72	ft	2025-12-10
Chicago, IL	Temperature	83.50	F	2025-04-03
El Paso, TX	Temperature	54.41	F	2025-03-17
San Francisco, CA	Temperature	118.39	F	2025-04-10
Baltimore, MD	Length	83.00	in	2025-07-02
Oklahoma City, OK	Length	39.94	in	2025-06-18
Memphis, TN	Velocity	145.71	MPH	2025-10-28
Indianapolis, IN	Length	101.71	in	2025-10-11
Phoenix, AZ	Length	44.01	in	2025-02-16
Washington, DC	Velocity	149.56	MPH	2025-10-26
Austin, TX	Distance	75.15	ft	2025-05-28
Chicago, IL	Length	66.35	in	2025-02-14
San Francisco, CA	Velocity	81.80	MPH	2025-03-08
Louisville, KY	Distance	143.73	ft	2025-09-23
San Diego, CA	Length	19.10	in	2025-03-18
San Antonio, TX	Temperature	132.55	F	2025-07-02
Detroit, MI	Velocity	78.56	MPH	2025-11-20
Las Vegas, NV	Distance	17.99	ft	2025-07-28
Oklahoma City, OK	Velocity	142.78	MPH	2025-12-20
Memphis, TN	Distance	13.10	ft	2025-11-13
Phoenix, AZ	Distance	122.74	ft	2025-03-16
Los Angeles, CA	Temperature	2.68	F	2025-04-22
Los Angeles, CA	Velocity	147.44	MPH	2025-07-01
Detroit, MI	Velocity	135.36	MPH	2025-01-02
Chicago, IL	Length	128.89	in	2025-06-07
El Paso, TX	Velocity	52.23	MPH	2025-02-06
San Diego, CA	Length	81.99	in	2025-12-24
Chicago, IL	Temperature	141.29	F	2025-05-19
Columbus, OH	Temperature	143.52	F	2025-12-01
Las Vegas, NV	Length	27.61	in	2025-02-03
Seattle, WA	Temperature	73.42	F	2025-04-23
Memphis, TN	Velocity	116.98	MPH	2025-02-17
Philadelphia, PA	Velocity	61.24	MPH	2025-03-19
Columbus, OH	Distance	4.54	ft	2025-12-27
Denver, CO	Velocity	68.73	MPH	2025-10-14
Portland, OR	Velocity	147.54	MPH	2025-06-12
Oklahoma City, OK	Velocity	56.05	MPH	2025-01-14
Chicago, IL	Distance	90.25	ft	2025-12-28
El Paso, TX	Length	137.97	in	2025-12-18
San Francisco, CA	Temperature	142.64	F	2025-09-13
Phoenix, AZ	Length	143.58	in	2025-10-11
Memphis, TN	Distance	134.16	ft	2025-01-12
Las Vegas, NV	Length	76.81	in	2025-06-25
Austin, TX	Distance	21.17	ft	2025-02-14
San Diego, CA	Distance	74.81	ft	2025-11-27
Austin, TX	Temperature	9.67	F	2025-06-26
El Paso, TX	Temperature	79.53	F	2025-12-17
Los Angeles, CA	Velocity	115.49	MPH	2025-02-19
Houston, TX	Temperature	45.04	F	2025-08-10
Jacksonville, FL	Velocity	46.63	MPH	2025-06-23
Phoenix, AZ	Distance	61.68	ft	2025-07-02
Philadelphia, PA	Velocity	47.21	MPH	2025-11-25
Boston, MA	Length	63.07	in	2025-05-05
Phoenix, AZ	Distance	107.44	ft	2025-12-24
Philadelphia, PA	Length	93.91	in	2025-07-12
Philadelphia, PA	Distance	24.40	ft	2025-04-25
Detroit, MI	Temperature	40.83	F	2025-07-06
New York, NY	Distance	55.56	ft	2025-01-17
Dallas, TX	Velocity	22.72	MPH	2025-10-14
Jacksonville, FL	Temperature	35.95	F	2025-04-01
Louisville, KY	Distance	84.30	ft	2025-10-17
Los Angeles, CA	Distance	129.32	ft	2025-02-15
Seattle, WA	Velocity	30.96	MPH	2025-06-03
Dallas, TX	Length	10.53	in	2025-01-17
Denver, CO	Velocity	144.72	MPH	2025-07-12
Philadelphia, PA	Temperature	10.91	F	2025-09-27
Boston, MA	Length	104.78	in	2025-02-09
Washington, DC	Length	126.02	in	2025-09-10
Memphis, TN	Velocity	119.10	MPH	2025-10-04
Oklahoma City, OK	Temperature	14.66	F	2025-05-11
Phoenix, AZ	Distance	122.93	ft	2025-11-21
Seattle, WA	Length	55.58	in	2025-11-03
Houston, TX	Temperature	116.80	F	2025-08-01
San Jose, CA	Temperature	85.12	F	2025-09-16
Detroit, MI	Distance	37.22	ft	2025-01-01
Seattle, WA	Distance	4.85	ft	2025-09-13
Washington, DC	Distance	126.51	ft	2025-05-02
San Jose, CA	Length	80.75	in	2025-03-09
Fort Worth, TX	Velocity	137.27	MPH	2025-11-16
Detroit, MI	Distance	104.54	ft	2025-01-27
Houston, TX	Distance	97.83	ft	2025-03-01
Austin, TX	Velocity	33.34	MPH	2025-02-24
New York, NY	Temperature	78.42	F	2025-09-17
Baltimore, MD	Distance	121.87	ft	2025-02-16
New York, NY	Temperature	1.06	F	2025-06-17
Los Angeles, CA	Distance	97.18	ft	2025-03-27
Baltimore, MD	Length	78.54	in	2025-02-17
Nashville, TN	Temperature	141.86	F	2025-08-17
Portland, OR	Temperature	102.11	F	2025-08-09
Denver, CO	Distance	64.51	ft	2025-11-26
Nashville, TN	Distance	53.13	ft	2025-03-01
Detroit, MI	Temperature	132.27	F	2025-10-02
Philadelphia, PA	Length	119.90	in	2025-04-16
Philadelphia, PA	Distance	33.81	ft	2025-03-19
Indianapolis, IN	Velocity	59.67	MPH	2025-03-09
San Francisco, CA	Length	13.98	in	2025-03-20
Los Angeles, CA	Distance	88.78	ft	2025-11-01
Boston, MA	Temperature	113.90	F	2025-01-11
Denver, CO	Length	105.10	in	2025-03-03
Houston, TX	Velocity	116.08	MPH	2025-10-17
